{"/home/travis/build/npmtest/node-npmtest-markdown/test.js":{"path":"/home/travis/build/npmtest/node-npmtest-markdown/test.js","s":{"1":2,"2":2,"3":2,"4":2,"5":2,"6":2,"7":2,"8":1,"9":2,"10":2,"11":1,"12":1,"13":1,"14":1,"15":2,"16":2,"17":2,"18":2,"19":1,"20":1,"21":2,"22":2,"23":2,"24":1,"25":1,"26":1,"27":1,"28":1,"29":1,"30":1,"31":1,"32":1,"33":1,"34":1,"35":1,"36":1,"37":2,"38":2,"39":1,"40":2,"41":2,"42":1,"43":2,"44":2,"45":1,"46":2,"47":2,"48":1,"49":1,"50":1,"51":1,"52":1},"b":{"1":[2,1,1,1],"2":[1,1,1,1],"3":[1,1],"4":[1,1],"5":[1,1],"6":[1,1],"7":[1,1],"8":[1,1],"9":[1,1,1],"10":[1,1],"11":[1,1],"12":[1,1],"13":[1,1],"14":[1,1],"15":[1,1],"16":[1,1]},"f":{"1":2,"2":2,"3":2,"4":2,"5":2,"6":1,"7":1,"8":2,"9":2,"10":2,"11":2,"12":1},"fnMap":{"1":{"name":"(anonymous_1)","line":12,"loc":{"start":{"line":12,"column":1},"end":{"line":12,"column":13}}},"2":{"name":"(anonymous_2)","line":19,"loc":{"start":{"line":19,"column":5},"end":{"line":19,"column":17}}},"3":{"name":"(anonymous_3)","line":23,"loc":{"start":{"line":23,"column":24},"end":{"line":23,"column":36}}},"4":{"name":"(anonymous_4)","line":61,"loc":{"start":{"line":61,"column":5},"end":{"line":61,"column":17}}},"5":{"name":"(anonymous_5)","line":82,"loc":{"start":{"line":82,"column":5},"end":{"line":82,"column":17}}},"6":{"name":"(anonymous_6)","line":102,"loc":{"start":{"line":102,"column":83},"end":{"line":105,"column":10}},"skip":true},"7":{"name":"(anonymous_7)","line":113,"loc":{"start":{"line":113,"column":77},"end":{"line":116,"column":10}},"skip":true},"8":{"name":"(anonymous_8)","line":129,"loc":{"start":{"line":129,"column":12},"end":{"line":129,"column":40}},"skip":true},"9":{"name":"(anonymous_9)","line":137,"loc":{"start":{"line":137,"column":77},"end":{"line":140,"column":10}},"skip":true},"10":{"name":"(anonymous_10)","line":148,"loc":{"start":{"line":148,"column":83},"end":{"line":151,"column":10}},"skip":true},"11":{"name":"(anonymous_11)","line":159,"loc":{"start":{"line":159,"column":79},"end":{"line":162,"column":10}},"skip":true},"12":{"name":"(anonymous_12)","line":170,"loc":{"start":{"line":170,"column":75},"end":{"line":173,"column":10}},"skip":true}},"statementMap":{"1":{"start":{"line":12,"column":0},"end":{"line":185,"column":5}},"2":{"start":{"line":14,"column":4},"end":{"line":14,"column":14}},"3":{"start":{"line":19,"column":4},"end":{"line":56,"column":9}},"4":{"start":{"line":21,"column":8},"end":{"line":21,"column":19}},"5":{"start":{"line":23,"column":8},"end":{"line":35,"column":13}},"6":{"start":{"line":24,"column":12},"end":{"line":34,"column":13}},"7":{"start":{"line":25,"column":16},"end":{"line":28,"column":30}},"8":{"start":{"line":30,"column":16},"end":{"line":33,"column":27}},"9":{"start":{"line":37,"column":8},"end":{"line":39,"column":21}},"10":{"start":{"line":40,"column":8},"end":{"line":53,"column":9}},"11":{"start":{"line":43,"column":12},"end":{"line":46,"column":14}},"12":{"start":{"line":47,"column":12},"end":{"line":47,"column":18}},"13":{"start":{"line":50,"column":12},"end":{"line":51,"column":46}},"14":{"start":{"line":52,"column":12},"end":{"line":52,"column":18}},"15":{"start":{"line":55,"column":8},"end":{"line":55,"column":35}},"16":{"start":{"line":61,"column":4},"end":{"line":63,"column":9}},"17":{"start":{"line":62,"column":8},"end":{"line":62,"column":15}},"18":{"start":{"line":64,"column":4},"end":{"line":77,"column":5}},"19":{"start":{"line":70,"column":8},"end":{"line":70,"column":14}},"20":{"start":{"line":76,"column":8},"end":{"line":76,"column":14}},"21":{"start":{"line":82,"column":4},"end":{"line":84,"column":9}},"22":{"start":{"line":83,"column":8},"end":{"line":83,"column":15}},"23":{"start":{"line":85,"column":4},"end":{"line":184,"column":5}},"24":{"start":{"line":92,"column":8},"end":{"line":94,"column":63}},"25":{"start":{"line":95,"column":8},"end":{"line":95,"column":14}},"26":{"start":{"line":102,"column":8},"end":{"line":111,"column":10},"skip":true},"27":{"start":{"line":109,"column":12},"end":{"line":109,"column":55},"skip":true},"28":{"start":{"line":110,"column":12},"end":{"line":110,"column":48},"skip":true},"29":{"start":{"line":113,"column":8},"end":{"line":126,"column":10},"skip":true},"30":{"start":{"line":120,"column":12},"end":{"line":120,"column":76},"skip":true},"31":{"start":{"line":121,"column":12},"end":{"line":121,"column":73},"skip":true},"32":{"start":{"line":122,"column":12},"end":{"line":122,"column":74},"skip":true},"33":{"start":{"line":123,"column":12},"end":{"line":123,"column":79},"skip":true},"34":{"start":{"line":124,"column":12},"end":{"line":124,"column":25},"skip":true},"35":{"start":{"line":125,"column":12},"end":{"line":125,"column":45},"skip":true},"36":{"start":{"line":128,"column":8},"end":{"line":135,"column":14},"skip":true},"37":{"start":{"line":133,"column":16},"end":{"line":133,"column":29},"skip":true},"38":{"start":{"line":134,"column":16},"end":{"line":134,"column":55},"skip":true},"39":{"start":{"line":137,"column":8},"end":{"line":146,"column":10},"skip":true},"40":{"start":{"line":144,"column":12},"end":{"line":144,"column":25},"skip":true},"41":{"start":{"line":145,"column":12},"end":{"line":145,"column":45},"skip":true},"42":{"start":{"line":148,"column":8},"end":{"line":157,"column":10},"skip":true},"43":{"start":{"line":155,"column":12},"end":{"line":155,"column":25},"skip":true},"44":{"start":{"line":156,"column":12},"end":{"line":156,"column":48},"skip":true},"45":{"start":{"line":159,"column":8},"end":{"line":168,"column":10},"skip":true},"46":{"start":{"line":166,"column":12},"end":{"line":166,"column":25},"skip":true},"47":{"start":{"line":167,"column":12},"end":{"line":167,"column":46},"skip":true},"48":{"start":{"line":170,"column":8},"end":{"line":179,"column":10},"skip":true},"49":{"start":{"line":177,"column":12},"end":{"line":177,"column":94},"skip":true},"50":{"start":{"line":178,"column":12},"end":{"line":178,"column":48},"skip":true},"51":{"start":{"line":182,"column":8},"end":{"line":182,"column":35},"skip":true},"52":{"start":{"line":183,"column":8},"end":{"line":183,"column":14},"skip":true}},"branchMap":{"1":{"line":25,"type":"binary-expr","locations":[{"start":{"line":25,"column":23},"end":{"line":25,"column":62}},{"start":{"line":26,"column":20},"end":{"line":26,"column":70}},{"start":{"line":27,"column":20},"end":{"line":27,"column":71}},{"start":{"line":28,"column":20},"end":{"line":28,"column":29}}]},"2":{"line":30,"type":"binary-expr","locations":[{"start":{"line":30,"column":23},"end":{"line":30,"column":37}},{"start":{"line":31,"column":20},"end":{"line":31,"column":61}},{"start":{"line":32,"column":20},"end":{"line":32,"column":70}},{"start":{"line":33,"column":20},"end":{"line":33,"column":26}}]},"3":{"line":37,"type":"cond-expr","locations":[{"start":{"line":38,"column":14},"end":{"line":38,"column":20}},{"start":{"line":39,"column":14},"end":{"line":39,"column":20}}]},"4":{"line":40,"type":"switch","locations":[{"start":{"line":42,"column":8},"end":{"line":47,"column":18}},{"start":{"line":49,"column":8},"end":{"line":52,"column":18}}]},"5":{"line":44,"type":"binary-expr","locations":[{"start":{"line":44,"column":16},"end":{"line":44,"column":44}},{"start":{"line":44,"column":48},"end":{"line":44,"column":66}}]},"6":{"line":50,"type":"binary-expr","locations":[{"start":{"line":50,"column":21},"end":{"line":50,"column":49}},{"start":{"line":50,"column":53},"end":{"line":50,"column":72}}]},"7":{"line":64,"type":"switch","locations":[{"start":{"line":69,"column":4},"end":{"line":70,"column":14}},{"start":{"line":75,"column":4},"end":{"line":76,"column":14}}]},"8":{"line":85,"type":"switch","locations":[{"start":{"line":90,"column":4},"end":{"line":95,"column":14}},{"start":{"line":101,"column":4},"end":{"line":183,"column":14},"skip":true}]},"9":{"line":92,"type":"binary-expr","locations":[{"start":{"line":92,"column":18},"end":{"line":92,"column":32}},{"start":{"line":93,"column":12},"end":{"line":93,"column":53}},{"start":{"line":94,"column":12},"end":{"line":94,"column":61}}]},"10":{"line":102,"type":"binary-expr","locations":[{"start":{"line":102,"column":45},"end":{"line":102,"column":79},"skip":true},{"start":{"line":102,"column":83},"end":{"line":111,"column":9},"skip":true}]},"11":{"line":113,"type":"binary-expr","locations":[{"start":{"line":113,"column":42},"end":{"line":113,"column":73},"skip":true},{"start":{"line":113,"column":77},"end":{"line":126,"column":9},"skip":true}]},"12":{"line":128,"type":"binary-expr","locations":[{"start":{"line":128,"column":48},"end":{"line":128,"column":85},"skip":true},{"start":{"line":129,"column":12},"end":{"line":135,"column":13},"skip":true}]},"13":{"line":137,"type":"binary-expr","locations":[{"start":{"line":137,"column":42},"end":{"line":137,"column":73},"skip":true},{"start":{"line":137,"column":77},"end":{"line":146,"column":9},"skip":true}]},"14":{"line":148,"type":"binary-expr","locations":[{"start":{"line":148,"column":45},"end":{"line":148,"column":79},"skip":true},{"start":{"line":148,"column":83},"end":{"line":157,"column":9},"skip":true}]},"15":{"line":159,"type":"binary-expr","locations":[{"start":{"line":159,"column":43},"end":{"line":159,"column":75},"skip":true},{"start":{"line":159,"column":79},"end":{"line":168,"column":9},"skip":true}]},"16":{"line":170,"type":"binary-expr","locations":[{"start":{"line":170,"column":41},"end":{"line":170,"column":71},"skip":true},{"start":{"line":170,"column":75},"end":{"line":179,"column":9},"skip":true}]}},"code":["/* istanbul instrument in package npmtest_markdown */","/*jslint","    bitwise: true,","    browser: true,","    maxerr: 8,","    maxlen: 96,","    node: true,","    nomen: true,","    regexp: true,","    stupid: true","*/","(function () {","    'use strict';","    var local;","","","","    // run shared js-env code - pre-init","    (function () {","        // init local","        local = {};","        // init modeJs","        local.modeJs = (function () {","            try {","                return typeof navigator.userAgent === 'string' &&","                    typeof document.querySelector('body') === 'object' &&","                    typeof XMLHttpRequest.prototype.open === 'function' &&","                    'browser';","            } catch (errorCaughtBrowser) {","                return module.exports &&","                    typeof process.versions.node === 'string' &&","                    typeof require('http').createServer === 'function' &&","                    'node';","            }","        }());","        // init global","        local.global = local.modeJs === 'browser'","            ? window","            : global;","        switch (local.modeJs) {","        // re-init local from window.local","        case 'browser':","            local = local.global.utility2.objectSetDefault(","                local.global.utility2_rollup || local.global.local,","                local.global.utility2","            );","            break;","        // re-init local from example.js","        case 'node':","            local = (local.global.utility2_rollup || require('utility2'))","                .requireExampleJsFromReadme();","            break;","        }","        // export local","        local.global.local = local;","    }());","","","","    // run shared js-env code - function","    (function () {","        return;","    }());","    switch (local.modeJs) {","","","","    // run browser js-env code - function","    case 'browser':","        break;","","","","    // run node js-env code - function","    case 'node':","        break;","    }","","","","    // run shared js-env code - post-init","    (function () {","        return;","    }());","    switch (local.modeJs) {","","","","    // run browser js-env code - post-init","    case 'browser':","        // run tests","        local.nop(local.modeTest &&","            document.querySelector('#testRunButton1') &&","            document.querySelector('#testRunButton1').click());","        break;","","","","    // run node js-env code - post-init","    /* istanbul ignore next */","    case 'node':","        local.testCase_buildApidoc_default = local.testCase_buildApidoc_default || function (","            options,","            onError","        ) {","        /*","         * this function will test buildApidoc's default handling-behavior-behavior","         */","            options = { modulePathList: module.paths };","            local.buildApidoc(options, onError);","        };","","        local.testCase_buildApp_default = local.testCase_buildApp_default || function (","            options,","            onError","        ) {","        /*","         * this function will test buildApp's default handling-behavior-behavior","         */","            local.testCase_buildReadme_default(options, local.onErrorThrow);","            local.testCase_buildLib_default(options, local.onErrorThrow);","            local.testCase_buildTest_default(options, local.onErrorThrow);","            local.testCase_buildCustomOrg_default(options, local.onErrorThrow);","            options = [];","            local.buildApp(options, onError);","        };","","        local.testCase_buildCustomOrg_default = local.testCase_buildCustomOrg_default ||","            function (options, onError) {","            /*","             * this function will test buildCustomOrg's default handling-behavior","             */","                options = {};","                local.buildCustomOrg(options, onError);","            };","","        local.testCase_buildLib_default = local.testCase_buildLib_default || function (","            options,","            onError","        ) {","        /*","         * this function will test buildLib's default handling-behavior","         */","            options = {};","            local.buildLib(options, onError);","        };","","        local.testCase_buildReadme_default = local.testCase_buildReadme_default || function (","            options,","            onError","        ) {","        /*","         * this function will test buildReadme's default handling-behavior-behavior","         */","            options = {};","            local.buildReadme(options, onError);","        };","","        local.testCase_buildTest_default = local.testCase_buildTest_default || function (","            options,","            onError","        ) {","        /*","         * this function will test buildTest's default handling-behavior","         */","            options = {};","            local.buildTest(options, onError);","        };","","        local.testCase_webpage_default = local.testCase_webpage_default || function (","            options,","            onError","        ) {","        /*","         * this function will test webpage's default handling-behavior","         */","            options = { modeCoverageMerge: true, url: local.serverLocalHost + '?modeTest=1' };","            local.browserTest(options, onError);","        };","","        // run test-server","        local.testRunServer(local);","        break;","    }","}());",""],"l":{"12":2,"14":2,"19":2,"21":2,"23":2,"24":2,"25":2,"30":1,"37":2,"40":2,"43":1,"47":1,"50":1,"52":1,"55":2,"61":2,"62":2,"64":2,"70":1,"76":1,"82":2,"83":2,"85":2,"92":1,"95":1,"102":1,"109":1,"110":1,"113":1,"120":1,"121":1,"122":1,"123":1,"124":1,"125":1,"128":1,"133":2,"134":2,"137":1,"144":2,"145":2,"148":1,"155":2,"156":2,"159":1,"166":2,"167":2,"170":1,"177":1,"178":1,"182":1,"183":1}},"/home/travis/build/npmtest/node-npmtest-markdown/lib.npmtest_markdown.js":{"path":"/home/travis/build/npmtest/node-npmtest-markdown/lib.npmtest_markdown.js","s":{"1":2,"2":2,"3":2,"4":2,"5":2,"6":2,"7":2,"8":1,"9":2,"10":2,"11":2,"12":2,"13":1,"14":1,"15":1,"16":1},"b":{"1":[2,1,1,1],"2":[1,1,1,1],"3":[1,1],"4":[2,2],"5":[1,1]},"f":{"1":2,"2":2,"3":2},"fnMap":{"1":{"name":"(anonymous_1)","line":12,"loc":{"start":{"line":12,"column":1},"end":{"line":12,"column":13}}},"2":{"name":"(anonymous_2)","line":19,"loc":{"start":{"line":19,"column":5},"end":{"line":19,"column":17}}},"3":{"name":"(anonymous_3)","line":23,"loc":{"start":{"line":23,"column":24},"end":{"line":23,"column":36}}}},"statementMap":{"1":{"start":{"line":12,"column":0},"end":{"line":53,"column":5}},"2":{"start":{"line":14,"column":4},"end":{"line":14,"column":14}},"3":{"start":{"line":19,"column":4},"end":{"line":52,"column":9}},"4":{"start":{"line":21,"column":8},"end":{"line":21,"column":19}},"5":{"start":{"line":23,"column":8},"end":{"line":35,"column":13}},"6":{"start":{"line":24,"column":12},"end":{"line":34,"column":13}},"7":{"start":{"line":25,"column":16},"end":{"line":28,"column":30}},"8":{"start":{"line":30,"column":16},"end":{"line":33,"column":27}},"9":{"start":{"line":37,"column":8},"end":{"line":39,"column":21}},"10":{"start":{"line":41,"column":8},"end":{"line":41,"column":54}},"11":{"start":{"line":43,"column":8},"end":{"line":43,"column":53}},"12":{"start":{"line":45,"column":8},"end":{"line":51,"column":9}},"13":{"start":{"line":46,"column":12},"end":{"line":46,"column":59}},"14":{"start":{"line":48,"column":12},"end":{"line":48,"column":35}},"15":{"start":{"line":49,"column":12},"end":{"line":49,"column":49}},"16":{"start":{"line":50,"column":12},"end":{"line":50,"column":43}}},"branchMap":{"1":{"line":25,"type":"binary-expr","locations":[{"start":{"line":25,"column":23},"end":{"line":25,"column":62}},{"start":{"line":26,"column":20},"end":{"line":26,"column":70}},{"start":{"line":27,"column":20},"end":{"line":27,"column":71}},{"start":{"line":28,"column":20},"end":{"line":28,"column":29}}]},"2":{"line":30,"type":"binary-expr","locations":[{"start":{"line":30,"column":23},"end":{"line":30,"column":37}},{"start":{"line":31,"column":20},"end":{"line":31,"column":61}},{"start":{"line":32,"column":20},"end":{"line":32,"column":70}},{"start":{"line":33,"column":20},"end":{"line":33,"column":26}}]},"3":{"line":37,"type":"cond-expr","locations":[{"start":{"line":38,"column":14},"end":{"line":38,"column":20}},{"start":{"line":39,"column":14},"end":{"line":39,"column":20}}]},"4":{"line":41,"type":"binary-expr","locations":[{"start":{"line":41,"column":16},"end":{"line":41,"column":44}},{"start":{"line":41,"column":48},"end":{"line":41,"column":53}}]},"5":{"line":45,"type":"if","locations":[{"start":{"line":45,"column":8},"end":{"line":45,"column":8}},{"start":{"line":45,"column":8},"end":{"line":45,"column":8}}]}},"code":["/* istanbul instrument in package npmtest_markdown */","/*jslint","    bitwise: true,","    browser: true,","    maxerr: 8,","    maxlen: 96,","    node: true,","    nomen: true,","    regexp: true,","    stupid: true","*/","(function () {","    'use strict';","    var local;","","","","    // run shared js-env code - pre-init","    (function () {","        // init local","        local = {};","        // init modeJs","        local.modeJs = (function () {","            try {","                return typeof navigator.userAgent === 'string' &&","                    typeof document.querySelector('body') === 'object' &&","                    typeof XMLHttpRequest.prototype.open === 'function' &&","                    'browser';","            } catch (errorCaughtBrowser) {","                return module.exports &&","                    typeof process.versions.node === 'string' &&","                    typeof require('http').createServer === 'function' &&","                    'node';","            }","        }());","        // init global","        local.global = local.modeJs === 'browser'","            ? window","            : global;","        // init utility2_rollup","        local = local.global.utility2_rollup || local;","        // init lib","        local.local = local.npmtest_markdown = local;","        // init exports","        if (local.modeJs === 'browser') {","            local.global.utility2_npmtest_markdown = local;","        } else {","            module.exports = local;","            module.exports.__dirname = __dirname;","            module.exports.module = module;","        }","    }());","}());",""],"l":{"12":2,"14":2,"19":2,"21":2,"23":2,"24":2,"25":2,"30":1,"37":2,"41":2,"43":2,"45":2,"46":1,"48":1,"49":1,"50":1}},"/home/travis/build/npmtest/node-npmtest-markdown/example.js":{"path":"/home/travis/build/npmtest/node-npmtest-markdown/example.js","s":{"1":2,"2":2,"3":2,"4":2,"5":2,"6":2,"7":2,"8":1,"9":2,"10":2,"11":2,"12":2,"13":1,"14":2,"15":2,"16":2,"17":2,"18":2,"19":0,"20":2,"21":1,"22":1,"23":1,"24":1,"25":1,"26":0,"27":0,"28":1,"29":1,"30":2,"31":0,"32":0,"33":0,"34":1,"35":2,"36":2,"37":2,"38":2,"39":2,"40":2,"41":0,"42":2,"43":2,"44":2,"45":1,"46":3,"47":1,"48":1,"49":1,"50":1,"51":1,"52":1,"53":1,"54":1,"55":1,"56":1,"57":0,"58":1,"59":6,"60":6,"61":1,"62":2,"63":0,"64":2,"65":1,"66":1,"67":0,"68":0,"69":0,"70":0,"71":0,"72":0,"73":0,"74":0,"75":0,"76":0,"77":0,"78":0,"79":0,"80":0,"81":0,"82":0,"83":0},"b":{"1":[2,1,1,1],"2":[1,1,1,1],"3":[1,1],"4":[2,2],"5":[1,1],"6":[1,1],"7":[2,0],"8":[2,1,1,1,1,1],"9":[0,2,0],"10":[1,1],"11":[2,1,1],"12":[1,0],"13":[0,2],"14":[2,0,0,0,0,0,0],"15":[0,2],"16":[2,0],"17":[1,1],"18":[0,1],"19":[1,2,0,2],"20":[1,0],"21":[1,1],"22":[0,0],"23":[0,0],"24":[0,0],"25":[0,0],"26":[0,0],"27":[0,0],"28":[0,0]},"f":{"1":2,"2":2,"3":2,"4":2,"5":2,"6":2,"7":2,"8":2,"9":3,"10":1,"11":6,"12":0},"fnMap":{"1":{"name":"(anonymous_1)","line":26,"loc":{"start":{"line":26,"column":1},"end":{"line":26,"column":13}}},"2":{"name":"(anonymous_2)","line":33,"loc":{"start":{"line":33,"column":5},"end":{"line":33,"column":17}}},"3":{"name":"(anonymous_3)","line":37,"loc":{"start":{"line":37,"column":24},"end":{"line":37,"column":36}}},"4":{"name":"(anonymous_4)","line":69,"loc":{"start":{"line":69,"column":31},"end":{"line":69,"column":48}},"skip":true},"5":{"name":"(anonymous_5)","line":78,"loc":{"start":{"line":78,"column":26},"end":{"line":78,"column":45}},"skip":true},"6":{"name":"(anonymous_6)","line":123,"loc":{"start":{"line":123,"column":33},"end":{"line":123,"column":48}},"skip":true},"7":{"name":"(anonymous_7)","line":125,"loc":{"start":{"line":125,"column":27},"end":{"line":125,"column":39}},"skip":true},"8":{"name":"(anonymous_8)","line":133,"loc":{"start":{"line":133,"column":59},"end":{"line":133,"column":74}},"skip":true},"9":{"name":"(anonymous_9)","line":143,"loc":{"start":{"line":143,"column":45},"end":{"line":143,"column":62}},"skip":true},"10":{"name":"(anonymous_10)","line":144,"loc":{"start":{"line":144,"column":73},"end":{"line":144,"column":92}},"skip":true},"11":{"name":"(anonymous_11)","line":272,"loc":{"start":{"line":272,"column":51},"end":{"line":272,"column":77}},"skip":true},"12":{"name":"(anonymous_12)","line":314,"loc":{"start":{"line":314,"column":32},"end":{"line":314,"column":61}},"skip":true}},"statementMap":{"1":{"start":{"line":26,"column":0},"end":{"line":325,"column":5}},"2":{"start":{"line":28,"column":4},"end":{"line":28,"column":14}},"3":{"start":{"line":33,"column":4},"end":{"line":60,"column":9}},"4":{"start":{"line":35,"column":8},"end":{"line":35,"column":19}},"5":{"start":{"line":37,"column":8},"end":{"line":49,"column":13}},"6":{"start":{"line":38,"column":12},"end":{"line":48,"column":13}},"7":{"start":{"line":39,"column":16},"end":{"line":42,"column":30}},"8":{"start":{"line":44,"column":16},"end":{"line":47,"column":27}},"9":{"start":{"line":51,"column":8},"end":{"line":53,"column":21}},"10":{"start":{"line":55,"column":8},"end":{"line":57,"column":45}},"11":{"start":{"line":59,"column":8},"end":{"line":59,"column":35}},"12":{"start":{"line":61,"column":4},"end":{"line":324,"column":5}},"13":{"start":{"line":69,"column":8},"end":{"line":121,"column":10},"skip":true},"14":{"start":{"line":70,"column":12},"end":{"line":88,"column":13},"skip":true},"15":{"start":{"line":76,"column":16},"end":{"line":87,"column":19},"skip":true},"16":{"start":{"line":79,"column":20},"end":{"line":86,"column":21},"skip":true},"17":{"start":{"line":82,"column":24},"end":{"line":82,"column":43},"skip":true},"18":{"start":{"line":83,"column":24},"end":{"line":83,"column":30},"skip":true},"19":{"start":{"line":85,"column":24},"end":{"line":85,"column":49},"skip":true},"20":{"start":{"line":89,"column":12},"end":{"line":107,"column":13},"skip":true},"21":{"start":{"line":92,"column":16},"end":{"line":102,"column":17},"skip":true},"22":{"start":{"line":93,"column":20},"end":{"line":93,"column":86},"skip":true},"23":{"start":{"line":94,"column":20},"end":{"line":95,"column":45},"skip":true},"24":{"start":{"line":96,"column":20},"end":{"line":96,"column":42},"skip":true},"25":{"start":{"line":97,"column":20},"end":{"line":97,"column":48},"skip":true},"26":{"start":{"line":100,"column":20},"end":{"line":100,"column":85},"skip":true},"27":{"start":{"line":101,"column":20},"end":{"line":101,"column":96},"skip":true},"28":{"start":{"line":103,"column":16},"end":{"line":103,"column":22},"skip":true},"29":{"start":{"line":106,"column":16},"end":{"line":106,"column":22},"skip":true},"30":{"start":{"line":108,"column":12},"end":{"line":120,"column":13},"skip":true},"31":{"start":{"line":114,"column":16},"end":{"line":119,"column":17},"skip":true},"32":{"start":{"line":116,"column":20},"end":{"line":116,"column":78},"skip":true},"33":{"start":{"line":118,"column":20},"end":{"line":118,"column":47},"skip":true},"34":{"start":{"line":123,"column":8},"end":{"line":141,"column":11},"skip":true},"35":{"start":{"line":124,"column":12},"end":{"line":124,"column":54},"skip":true},"36":{"start":{"line":125,"column":12},"end":{"line":140,"column":14},"skip":true},"37":{"start":{"line":126,"column":16},"end":{"line":126,"column":28},"skip":true},"38":{"start":{"line":127,"column":16},"end":{"line":127,"column":69},"skip":true},"39":{"start":{"line":128,"column":16},"end":{"line":128,"column":75},"skip":true},"40":{"start":{"line":129,"column":16},"end":{"line":131,"column":17},"skip":true},"41":{"start":{"line":130,"column":20},"end":{"line":130,"column":27},"skip":true},"42":{"start":{"line":133,"column":16},"end":{"line":137,"column":36},"skip":true},"43":{"start":{"line":134,"column":20},"end":{"line":136,"column":55},"skip":true},"44":{"start":{"line":139,"column":16},"end":{"line":139,"column":57},"skip":true},"45":{"start":{"line":143,"column":8},"end":{"line":147,"column":11},"skip":true},"46":{"start":{"line":144,"column":12},"end":{"line":146,"column":15},"skip":true},"47":{"start":{"line":145,"column":16},"end":{"line":145,"column":70},"skip":true},"48":{"start":{"line":149,"column":8},"end":{"line":149,"column":31},"skip":true},"49":{"start":{"line":150,"column":8},"end":{"line":150,"column":14},"skip":true},"50":{"start":{"line":158,"column":8},"end":{"line":158,"column":31},"skip":true},"51":{"start":{"line":160,"column":8},"end":{"line":160,"column":33},"skip":true},"52":{"start":{"line":161,"column":8},"end":{"line":161,"column":37},"skip":true},"53":{"start":{"line":162,"column":8},"end":{"line":162,"column":35},"skip":true},"54":{"start":{"line":164,"column":8},"end":{"line":164,"column":50},"skip":true},"55":{"start":{"line":166,"column":8},"end":{"line":256,"column":2},"skip":true},"56":{"start":{"line":258,"column":8},"end":{"line":286,"column":9},"skip":true},"57":{"start":{"line":259,"column":12},"end":{"line":269,"column":14},"skip":true},"58":{"start":{"line":271,"column":12},"end":{"line":285,"column":19},"skip":true},"59":{"start":{"line":274,"column":20},"end":{"line":274,"column":35},"skip":true},"60":{"start":{"line":275,"column":20},"end":{"line":284,"column":21},"skip":true},"61":{"start":{"line":277,"column":24},"end":{"line":277,"column":64},"skip":true},"62":{"start":{"line":279,"column":24},"end":{"line":279,"column":40},"skip":true},"63":{"start":{"line":281,"column":24},"end":{"line":281,"column":40},"skip":true},"64":{"start":{"line":283,"column":24},"end":{"line":283,"column":39},"skip":true},"65":{"start":{"line":288,"column":8},"end":{"line":290,"column":9},"skip":true},"66":{"start":{"line":289,"column":12},"end":{"line":289,"column":18},"skip":true},"67":{"start":{"line":291,"column":8},"end":{"line":293,"column":54},"skip":true},"68":{"start":{"line":294,"column":8},"end":{"line":301,"column":37},"skip":true},"69":{"start":{"line":302,"column":8},"end":{"line":302,"column":82},"skip":true},"70":{"start":{"line":305,"column":8},"end":{"line":307,"column":9},"skip":true},"71":{"start":{"line":306,"column":12},"end":{"line":306,"column":82},"skip":true},"72":{"start":{"line":309,"column":8},"end":{"line":311,"column":9},"skip":true},"73":{"start":{"line":310,"column":12},"end":{"line":310,"column":18},"skip":true},"74":{"start":{"line":312,"column":8},"end":{"line":312,"column":54},"skip":true},"75":{"start":{"line":313,"column":8},"end":{"line":313,"column":69},"skip":true},"76":{"start":{"line":314,"column":8},"end":{"line":322,"column":36},"skip":true},"77":{"start":{"line":315,"column":12},"end":{"line":315,"column":61},"skip":true},"78":{"start":{"line":316,"column":12},"end":{"line":319,"column":13},"skip":true},"79":{"start":{"line":317,"column":16},"end":{"line":317,"column":75},"skip":true},"80":{"start":{"line":318,"column":16},"end":{"line":318,"column":23},"skip":true},"81":{"start":{"line":320,"column":12},"end":{"line":320,"column":38},"skip":true},"82":{"start":{"line":321,"column":12},"end":{"line":321,"column":27},"skip":true},"83":{"start":{"line":323,"column":8},"end":{"line":323,"column":14},"skip":true}},"branchMap":{"1":{"line":39,"type":"binary-expr","locations":[{"start":{"line":39,"column":23},"end":{"line":39,"column":62}},{"start":{"line":40,"column":20},"end":{"line":40,"column":70}},{"start":{"line":41,"column":20},"end":{"line":41,"column":71}},{"start":{"line":42,"column":20},"end":{"line":42,"column":29}}]},"2":{"line":44,"type":"binary-expr","locations":[{"start":{"line":44,"column":23},"end":{"line":44,"column":37}},{"start":{"line":45,"column":20},"end":{"line":45,"column":61}},{"start":{"line":46,"column":20},"end":{"line":46,"column":70}},{"start":{"line":47,"column":20},"end":{"line":47,"column":26}}]},"3":{"line":51,"type":"cond-expr","locations":[{"start":{"line":52,"column":14},"end":{"line":52,"column":20}},{"start":{"line":53,"column":14},"end":{"line":53,"column":20}}]},"4":{"line":55,"type":"binary-expr","locations":[{"start":{"line":55,"column":16},"end":{"line":55,"column":44}},{"start":{"line":55,"column":49},"end":{"line":57,"column":43}}]},"5":{"line":55,"type":"cond-expr","locations":[{"start":{"line":56,"column":14},"end":{"line":56,"column":52}},{"start":{"line":57,"column":14},"end":{"line":57,"column":43}}]},"6":{"line":61,"type":"switch","locations":[{"start":{"line":68,"column":4},"end":{"line":150,"column":14},"skip":true},{"start":{"line":156,"column":4},"end":{"line":323,"column":14},"skip":true}]},"7":{"line":70,"type":"if","locations":[{"start":{"line":70,"column":12},"end":{"line":70,"column":12},"skip":true},{"start":{"line":70,"column":12},"end":{"line":70,"column":12},"skip":true}]},"8":{"line":70,"type":"binary-expr","locations":[{"start":{"line":70,"column":16},"end":{"line":70,"column":22},"skip":true},{"start":{"line":70,"column":27},"end":{"line":70,"column":32},"skip":true},{"start":{"line":71,"column":20},"end":{"line":71,"column":39},"skip":true},{"start":{"line":72,"column":20},"end":{"line":72,"column":49},"skip":true},{"start":{"line":73,"column":20},"end":{"line":73,"column":58},"skip":true},{"start":{"line":74,"column":20},"end":{"line":74,"column":69},"skip":true}]},"9":{"line":79,"type":"switch","locations":[{"start":{"line":80,"column":20},"end":{"line":80,"column":33},"skip":true},{"start":{"line":81,"column":20},"end":{"line":83,"column":30},"skip":true},{"start":{"line":84,"column":20},"end":{"line":85,"column":49},"skip":true}]},"10":{"line":89,"type":"switch","locations":[{"start":{"line":90,"column":12},"end":{"line":103,"column":22},"skip":true},{"start":{"line":105,"column":12},"end":{"line":106,"column":22},"skip":true}]},"11":{"line":89,"type":"binary-expr","locations":[{"start":{"line":89,"column":20},"end":{"line":89,"column":25},"skip":true},{"start":{"line":89,"column":29},"end":{"line":89,"column":48},"skip":true},{"start":{"line":89,"column":52},"end":{"line":89,"column":74},"skip":true}]},"12":{"line":92,"type":"if","locations":[{"start":{"line":92,"column":16},"end":{"line":92,"column":16},"skip":true},{"start":{"line":92,"column":16},"end":{"line":92,"column":16},"skip":true}]},"13":{"line":108,"type":"if","locations":[{"start":{"line":108,"column":12},"end":{"line":108,"column":12},"skip":true},{"start":{"line":108,"column":12},"end":{"line":108,"column":12},"skip":true}]},"14":{"line":108,"type":"binary-expr","locations":[{"start":{"line":108,"column":16},"end":{"line":108,"column":61},"skip":true},{"start":{"line":108,"column":66},"end":{"line":108,"column":72},"skip":true},{"start":{"line":108,"column":77},"end":{"line":108,"column":82},"skip":true},{"start":{"line":109,"column":20},"end":{"line":109,"column":39},"skip":true},{"start":{"line":110,"column":20},"end":{"line":110,"column":49},"skip":true},{"start":{"line":111,"column":20},"end":{"line":111,"column":58},"skip":true},{"start":{"line":112,"column":20},"end":{"line":112,"column":68},"skip":true}]},"15":{"line":129,"type":"if","locations":[{"start":{"line":129,"column":16},"end":{"line":129,"column":16},"skip":true},{"start":{"line":129,"column":16},"end":{"line":129,"column":16},"skip":true}]},"16":{"line":134,"type":"cond-expr","locations":[{"start":{"line":135,"column":26},"end":{"line":135,"column":29},"skip":true},{"start":{"line":136,"column":26},"end":{"line":136,"column":54},"skip":true}]},"17":{"line":164,"type":"binary-expr","locations":[{"start":{"line":164,"column":27},"end":{"line":164,"column":43},"skip":true},{"start":{"line":164,"column":47},"end":{"line":164,"column":49},"skip":true}]},"18":{"line":258,"type":"if","locations":[{"start":{"line":258,"column":8},"end":{"line":258,"column":8},"skip":true},{"start":{"line":258,"column":8},"end":{"line":258,"column":8},"skip":true}]},"19":{"line":275,"type":"switch","locations":[{"start":{"line":276,"column":20},"end":{"line":277,"column":64},"skip":true},{"start":{"line":278,"column":20},"end":{"line":279,"column":40},"skip":true},{"start":{"line":280,"column":20},"end":{"line":281,"column":40},"skip":true},{"start":{"line":282,"column":20},"end":{"line":283,"column":39},"skip":true}]},"20":{"line":288,"type":"if","locations":[{"start":{"line":288,"column":8},"end":{"line":288,"column":8},"skip":true},{"start":{"line":288,"column":8},"end":{"line":288,"column":8},"skip":true}]},"21":{"line":288,"type":"binary-expr","locations":[{"start":{"line":288,"column":12},"end":{"line":288,"column":40},"skip":true},{"start":{"line":288,"column":44},"end":{"line":288,"column":67},"skip":true}]},"22":{"line":292,"type":"binary-expr","locations":[{"start":{"line":292,"column":12},"end":{"line":292,"column":50},"skip":true},{"start":{"line":293,"column":12},"end":{"line":293,"column":53},"skip":true}]},"23":{"line":295,"type":"binary-expr","locations":[{"start":{"line":295,"column":12},"end":{"line":295,"column":66},"skip":true},{"start":{"line":296,"column":12},"end":{"line":301,"column":36},"skip":true}]},"24":{"line":302,"type":"binary-expr","locations":[{"start":{"line":302,"column":43},"end":{"line":302,"column":75},"skip":true},{"start":{"line":302,"column":79},"end":{"line":302,"column":81},"skip":true}]},"25":{"line":305,"type":"if","locations":[{"start":{"line":305,"column":8},"end":{"line":305,"column":8},"skip":true},{"start":{"line":305,"column":8},"end":{"line":305,"column":8},"skip":true}]},"26":{"line":309,"type":"if","locations":[{"start":{"line":309,"column":8},"end":{"line":309,"column":8},"skip":true},{"start":{"line":309,"column":8},"end":{"line":309,"column":8},"skip":true}]},"27":{"line":312,"type":"binary-expr","locations":[{"start":{"line":312,"column":27},"end":{"line":312,"column":43},"skip":true},{"start":{"line":312,"column":47},"end":{"line":312,"column":53},"skip":true}]},"28":{"line":316,"type":"if","locations":[{"start":{"line":316,"column":12},"end":{"line":316,"column":12},"skip":true},{"start":{"line":316,"column":12},"end":{"line":316,"column":12},"skip":true}]}},"code":["/*","example.js","","quickstart example","","instruction","    1. save this script as example.js","    2. run the shell command:","        $ npm install npmtest-markdown && PORT=8081 node example.js","    3. play with the browser-demo on http://127.0.0.1:8081","*/","","","","/* istanbul instrument in package npmtest_markdown */","/*jslint","    bitwise: true,","    browser: true,","    maxerr: 8,","    maxlen: 96,","    node: true,","    nomen: true,","    regexp: true,","    stupid: true","*/","(function () {","    'use strict';","    var local;","","","","    // run shared js-env code - pre-init","    (function () {","        // init local","        local = {};","        // init modeJs","        local.modeJs = (function () {","            try {","                return typeof navigator.userAgent === 'string' &&","                    typeof document.querySelector('body') === 'object' &&","                    typeof XMLHttpRequest.prototype.open === 'function' &&","                    'browser';","            } catch (errorCaughtBrowser) {","                return module.exports &&","                    typeof process.versions.node === 'string' &&","                    typeof require('http').createServer === 'function' &&","                    'node';","            }","        }());","        // init global","        local.global = local.modeJs === 'browser'","            ? window","            : global;","        // init utility2_rollup","        local = local.global.utility2_rollup || (local.modeJs === 'browser'","            ? local.global.utility2_npmtest_markdown","            : global.utility2_moduleExports);","        // export local","        local.global.local = local;","    }());","    switch (local.modeJs) {","","","","    // post-init","    // run browser js-env code - post-init","    /* istanbul ignore next */","    case 'browser':","        local.testRunBrowser = function (event) {","            if (!event || (event &&","                    event.currentTarget &&","                    event.currentTarget.className &&","                    event.currentTarget.className.includes &&","                    event.currentTarget.className.includes('onreset'))) {","                // reset output","                Array.from(","                    document.querySelectorAll('body > .resettable')","                ).forEach(function (element) {","                    switch (element.tagName) {","                    case 'INPUT':","                    case 'TEXTAREA':","                        element.value = '';","                        break;","                    default:","                        element.textContent = '';","                    }","                });","            }","            switch (event && event.currentTarget && event.currentTarget.id) {","            case 'testRunButton1':","                // show tests","                if (document.querySelector('#testReportDiv1').style.display === 'none') {","                    document.querySelector('#testReportDiv1').style.display = 'block';","                    document.querySelector('#testRunButton1').textContent =","                        'hide internal test';","                    local.modeTest = true;","                    local.testRunDefault(local);","                // hide tests","                } else {","                    document.querySelector('#testReportDiv1').style.display = 'none';","                    document.querySelector('#testRunButton1').textContent = 'run internal test';","                }","                break;","            // custom-case","            default:","                break;","            }","            if (document.querySelector('#inputTextareaEval1') && (!event || (event &&","                    event.currentTarget &&","                    event.currentTarget.className &&","                    event.currentTarget.className.includes &&","                    event.currentTarget.className.includes('oneval')))) {","                // try to eval input-code","                try {","                    /*jslint evil: true*/","                    eval(document.querySelector('#inputTextareaEval1').value);","                } catch (errorCaught) {","                    console.error(errorCaught);","                }","            }","        };","        // log stderr and stdout to #outputTextareaStdout1","        ['error', 'log'].forEach(function (key) {","            console[key + '_original'] = console[key];","            console[key] = function () {","                var element;","                console[key + '_original'].apply(console, arguments);","                element = document.querySelector('#outputTextareaStdout1');","                if (!element) {","                    return;","                }","                // append text to #outputTextareaStdout1","                element.value += Array.from(arguments).map(function (arg) {","                    return typeof arg === 'string'","                        ? arg","                        : JSON.stringify(arg, null, 4);","                }).join(' ') + '\\n';","                // scroll textarea to bottom","                element.scrollTop = element.scrollHeight;","            };","        });","        // init event-handling","        ['change', 'click', 'keyup'].forEach(function (event) {","            Array.from(document.querySelectorAll('.on' + event)).forEach(function (element) {","                element.addEventListener(event, local.testRunBrowser);","            });","        });","        // run tests","        local.testRunBrowser();","        break;","","","","    // run node js-env code - post-init","    /* istanbul ignore next */","    case 'node':","        // export local","        module.exports = local;","        // require modules","        local.fs = require('fs');","        local.http = require('http');","        local.url = require('url');","        // init assets","        local.assetsDict = local.assetsDict || {};","        /* jslint-ignore-begin */","        local.assetsDict['/assets.index.template.html'] = '\\","<!doctype html>\\n\\","<html lang=\"en\">\\n\\","<head>\\n\\","<meta charset=\"UTF-8\">\\n\\","<meta name=\"viewport\" content=\"width=device-width, initial-scale=1\">\\n\\","<title>{{env.npm_package_name}} (v{{env.npm_package_version}})</title>\\n\\","<style>\\n\\","/*csslint\\n\\","    box-sizing: false,\\n\\","    universal-selector: false\\n\\","*/\\n\\","* {\\n\\","    box-sizing: border-box;\\n\\","}\\n\\","body {\\n\\","    background: #dde;\\n\\","    font-family: Arial, Helvetica, sans-serif;\\n\\","    margin: 2rem;\\n\\","}\\n\\","body > * {\\n\\","    margin-bottom: 1rem;\\n\\","}\\n\\",".utility2FooterDiv {\\n\\","    margin-top: 20px;\\n\\","    text-align: center;\\n\\","}\\n\\","</style>\\n\\","<style>\\n\\","/*csslint\\n\\","*/\\n\\","textarea {\\n\\","    font-family: monospace;\\n\\","    height: 10rem;\\n\\","    width: 100%;\\n\\","}\\n\\","textarea[readonly] {\\n\\","    background: #ddd;\\n\\","}\\n\\","</style>\\n\\","</head>\\n\\","<body>\\n\\","<!-- utility2-comment\\n\\","<div id=\"ajaxProgressDiv1\" style=\"background: #d00; height: 2px; left: 0; margin: 0; padding: 0; position: fixed; top: 0; transition: background 0.5s, width 1.5s; width: 25%;\"></div>\\n\\","utility2-comment -->\\n\\","<h1>\\n\\","<!-- utility2-comment\\n\\","    <a\\n\\","        {{#if env.npm_package_homepage}}\\n\\","        href=\"{{env.npm_package_homepage}}\"\\n\\","        {{/if env.npm_package_homepage}}\\n\\","        target=\"_blank\"\\n\\","    >\\n\\","utility2-comment -->\\n\\","        {{env.npm_package_name}} (v{{env.npm_package_version}})\\n\\","<!-- utility2-comment\\n\\","    </a>\\n\\","utility2-comment -->\\n\\","</h1>\\n\\","<h3>{{env.npm_package_description}}</h3>\\n\\","<!-- utility2-comment\\n\\","<h4><a download href=\"assets.app.js\">download standalone app</a></h4>\\n\\","<button class=\"onclick onreset\" id=\"testRunButton1\">run internal test</button><br>\\n\\","<div id=\"testReportDiv1\" style=\"display: none;\"></div>\\n\\","utility2-comment -->\\n\\","\\n\\","\\n\\","\\n\\","<label>stderr and stdout</label>\\n\\","<textarea class=\"resettable\" id=\"outputTextareaStdout1\" readonly></textarea>\\n\\","<!-- utility2-comment\\n\\","{{#if isRollup}}\\n\\","<script src=\"assets.app.js\"></script>\\n\\","{{#unless isRollup}}\\n\\","utility2-comment -->\\n\\","<script src=\"assets.utility2.rollup.js\"></script>\\n\\","<script src=\"jsonp.utility2._stateInit?callback=window.utility2._stateInit\"></script>\\n\\","<script src=\"assets.npmtest_markdown.rollup.js\"></script>\\n\\","<script src=\"assets.example.js\"></script>\\n\\","<script src=\"assets.test.js\"></script>\\n\\","<!-- utility2-comment\\n\\","{{/if isRollup}}\\n\\","utility2-comment -->\\n\\","<div class=\"utility2FooterDiv\">\\n\\","    [ this app was created with\\n\\","    <a href=\"https://github.com/kaizhu256/node-utility2\" target=\"_blank\">utility2</a>\\n\\","    ]\\n\\","</div>\\n\\","</body>\\n\\","</html>\\n\\","';","        /* jslint-ignore-end */","        if (local.templateRender) {","            local.assetsDict['/'] = local.templateRender(","                local.assetsDict['/assets.index.template.html'],","                {","                    env: local.objectSetDefault(local.env, {","                        npm_package_description: 'the greatest app in the world!',","                        npm_package_name: 'my-app',","                        npm_package_nameAlias: 'my_app',","                        npm_package_version: '0.0.1'","                    })","                }","            );","        } else {","            local.assetsDict['/'] = local.assetsDict['/assets.index.template.html']","                .replace((/\\{\\{env\\.(\\w+?)\\}\\}/g), function (match0, match1) {","                    // jslint-hack","                    String(match0);","                    switch (match1) {","                    case 'npm_package_description':","                        return 'the greatest app in the world!';","                    case 'npm_package_name':","                        return 'my-app';","                    case 'npm_package_nameAlias':","                        return 'my_app';","                    case 'npm_package_version':","                        return '0.0.1';","                    }","                });","        }","        // run the cli","        if (local.global.utility2_rollup || module !== require.main) {","            break;","        }","        local.assetsDict['/assets.example.js'] =","            local.assetsDict['/assets.example.js'] ||","            local.fs.readFileSync(__filename, 'utf8');","        local.assetsDict['/assets.npmtest_markdown.rollup.js'] =","            local.assetsDict['/assets.npmtest_markdown.rollup.js'] ||","            local.fs.readFileSync(","                // buildCustomOrg-hack","                local.npmtest_markdown.__dirname +","                    '/lib.npmtest_markdown.js',","                'utf8'","            ).replace((/^#!/), '//');","        local.assetsDict['/favicon.ico'] = local.assetsDict['/favicon.ico'] || '';","        // if $npm_config_timeout_exit exists,","        // then exit this process after $npm_config_timeout_exit ms","        if (Number(process.env.npm_config_timeout_exit)) {","            setTimeout(process.exit, Number(process.env.npm_config_timeout_exit));","        }","        // start server","        if (local.global.utility2_serverHttp1) {","            break;","        }","        process.env.PORT = process.env.PORT || '8081';","        console.error('server starting on port ' + process.env.PORT);","        local.http.createServer(function (request, response) {","            request.urlParsed = local.url.parse(request.url);","            if (local.assetsDict[request.urlParsed.pathname] !== undefined) {","                response.end(local.assetsDict[request.urlParsed.pathname]);","                return;","            }","            response.statusCode = 404;","            response.end();","        }).listen(process.env.PORT);","        break;","    }","}());",""],"l":{"26":2,"28":2,"33":2,"35":2,"37":2,"38":2,"39":2,"44":1,"51":2,"55":2,"59":2,"61":2,"69":1,"70":2,"76":2,"79":2,"82":2,"83":2,"85":1,"89":2,"92":1,"93":1,"94":1,"96":1,"97":1,"100":1,"101":1,"103":1,"106":1,"108":2,"114":1,"116":1,"118":1,"123":1,"124":2,"125":2,"126":2,"127":2,"128":2,"129":2,"130":1,"133":2,"134":2,"139":2,"143":1,"144":3,"145":1,"149":1,"150":1,"158":1,"160":1,"161":1,"162":1,"164":1,"166":1,"258":1,"259":1,"271":1,"274":6,"275":6,"277":1,"279":2,"281":1,"283":2,"288":1,"289":1,"291":1,"294":1,"302":1,"305":1,"306":1,"309":1,"310":1,"312":1,"313":1,"314":1,"315":1,"316":1,"317":1,"318":1,"320":1,"321":1,"323":1}},"/home/travis/build/npmtest/node-npmtest-markdown/node_modules/markdown/lib/index.js":{"path":"/home/travis/build/npmtest/node-npmtest-markdown/node_modules/markdown/lib/index.js","s":{"1":1,"2":1},"b":{},"f":{},"fnMap":{},"statementMap":{"1":{"start":{"line":2,"column":0},"end":{"line":2,"column":41}},"2":{"start":{"line":3,"column":0},"end":{"line":3,"column":40}}},"branchMap":{},"code":["// super simple module for the most common nodejs use case.","exports.markdown = require(\"./markdown\");","exports.parse = exports.markdown.toHTML;",""],"l":{"2":1,"3":1}},"/home/travis/build/npmtest/node-npmtest-markdown/node_modules/markdown/lib/markdown.js":{"path":"/home/travis/build/npmtest/node-npmtest-markdown/node_modules/markdown/lib/markdown.js","s":{"1":1,"2":1,"3":0,"4":0,"5":0,"6":0,"7":0,"8":0,"9":0,"10":0,"11":0,"12":0,"13":0,"14":0,"15":1,"16":0,"17":0,"18":1,"19":0,"20":0,"21":1,"22":0,"23":0,"24":0,"25":0,"26":0,"27":0,"28":0,"29":0,"30":1,"31":0,"32":1,"33":0,"34":0,"35":1,"36":0,"37":0,"38":0,"39":0,"40":0,"41":0,"42":0,"43":0,"44":0,"45":1,"46":0,"47":0,"48":0,"49":0,"50":1,"51":0,"52":0,"53":0,"54":0,"55":0,"56":0,"57":0,"58":0,"59":0,"60":0,"61":0,"62":0,"63":0,"64":1,"65":0,"66":0,"67":0,"68":0,"69":0,"70":0,"71":0,"72":0,"73":0,"74":0,"75":1,"76":0,"77":1,"78":0,"79":0,"80":0,"81":0,"82":0,"83":0,"84":0,"85":0,"86":0,"87":0,"88":0,"89":0,"90":0,"91":1,"92":0,"93":0,"94":0,"95":0,"96":0,"97":0,"98":1,"99":0,"100":0,"101":0,"102":0,"103":0,"104":1,"105":1,"106":0,"107":0,"108":0,"109":0,"110":0,"111":0,"112":0,"113":0,"114":0,"115":0,"116":0,"117":0,"118":0,"119":0,"120":0,"121":0,"122":0,"123":0,"124":0,"125":0,"126":0,"127":0,"128":0,"129":0,"130":0,"131":0,"132":0,"133":0,"134":0,"135":0,"136":0,"137":0,"138":0,"139":0,"140":0,"141":0,"142":0,"143":0,"144":0,"145":0,"146":0,"147":0,"148":1,"149":1,"150":0,"151":1,"152":0,"153":1,"154":0,"155":0,"156":0,"157":0,"158":0,"159":0,"160":0,"161":0,"162":0,"163":0,"164":0,"165":1,"166":0,"167":0,"168":0,"169":0,"170":0,"171":0,"172":0,"173":1,"174":0,"175":0,"176":0,"177":0,"178":0,"179":0,"180":0,"181":0,"182":1,"183":0,"184":0,"185":0,"186":1,"187":0,"188":0,"189":0,"190":0,"191":0,"192":0,"193":0,"194":0,"195":0,"196":0,"197":0,"198":0,"199":0,"200":0,"201":0,"202":0,"203":0,"204":0,"205":0,"206":0,"207":0,"208":0,"209":0,"210":0,"211":0,"212":0,"213":0,"214":0,"215":0,"216":0,"217":0,"218":0,"219":0,"220":0,"221":0,"222":0,"223":0,"224":0,"225":0,"226":0,"227":0,"228":0,"229":0,"230":0,"231":0,"232":0,"233":0,"234":0,"235":0,"236":0,"237":0,"238":0,"239":0,"240":0,"241":0,"242":0,"243":0,"244":0,"245":0,"246":0,"247":0,"248":0,"249":0,"250":0,"251":0,"252":0,"253":0,"254":0,"255":0,"256":0,"257":0,"258":0,"259":0,"260":0,"261":0,"262":0,"263":0,"264":0,"265":0,"266":0,"267":0,"268":0,"269":0,"270":0,"271":0,"272":0,"273":0,"274":0,"275":0,"276":0,"277":0,"278":0,"279":0,"280":0,"281":0,"282":0,"283":0,"284":0,"285":0,"286":0,"287":0,"288":0,"289":0,"290":0,"291":0,"292":0,"293":0,"294":1,"295":0,"296":0,"297":0,"298":0,"299":0,"300":0,"301":0,"302":0,"303":0,"304":0,"305":0,"306":0,"307":0,"308":0,"309":1,"310":0,"311":0,"312":0,"313":0,"314":0,"315":0,"316":0,"317":0,"318":0,"319":0,"320":0,"321":0,"322":0,"323":0,"324":0,"325":0,"326":0,"327":0,"328":0,"329":0,"330":0,"331":0,"332":0,"333":0,"334":0,"335":0,"336":0,"337":0,"338":0,"339":0,"340":0,"341":0,"342":0,"343":0,"344":0,"345":0,"346":0,"347":0,"348":0,"349":0,"350":0,"351":0,"352":0,"353":0,"354":0,"355":0,"356":0,"357":0,"358":0,"359":0,"360":0,"361":0,"362":0,"363":0,"364":0,"365":0,"366":0,"367":0,"368":0,"369":0,"370":0,"371":0,"372":0,"373":0,"374":0,"375":0,"376":0,"377":0,"378":0,"379":0,"380":0,"381":0,"382":0,"383":0,"384":0,"385":0,"386":1,"387":4,"388":1,"389":0,"390":0,"391":4,"392":0,"393":0,"394":0,"395":0,"396":0,"397":0,"398":0,"399":0,"400":0,"401":0,"402":0,"403":0,"404":0,"405":0,"406":0,"407":1,"408":1,"409":1,"410":1,"411":1,"412":2,"413":2,"414":21,"415":1,"416":20,"417":2,"418":1,"419":2,"420":2,"421":32,"422":7,"423":25,"424":25,"425":2,"426":2,"427":2,"428":2,"429":0,"430":0,"431":0,"432":1,"433":1,"434":0,"435":0,"436":0,"437":0,"438":0,"439":0,"440":0,"441":0,"442":0,"443":0,"444":1,"445":1,"446":1,"447":1,"448":1,"449":1,"450":1,"451":1,"452":1,"453":1,"454":0,"455":0,"456":0,"457":0,"458":0,"459":0,"460":0,"461":0,"462":0,"463":0,"464":0,"465":0,"466":1,"467":0,"468":0,"469":0,"470":0,"471":0,"472":0,"473":0,"474":0,"475":0,"476":0,"477":0,"478":0,"479":0,"480":0,"481":1,"482":0,"483":0,"484":0,"485":0,"486":0,"487":0,"488":0,"489":0,"490":0,"491":0,"492":0,"493":1,"494":0,"495":0,"496":0,"497":0,"498":0,"499":0,"500":0,"501":0,"502":0,"503":0,"504":0,"505":0,"506":0,"507":0,"508":0,"509":0,"510":0,"511":0,"512":0,"513":0,"514":0,"515":0,"516":0,"517":0,"518":1,"519":0,"520":0,"521":0,"522":0,"523":0,"524":0,"525":0,"526":0,"527":0,"528":0,"529":0,"530":0,"531":0,"532":1,"533":0,"534":0,"535":0,"536":0,"537":0,"538":0,"539":0,"540":0,"541":0,"542":0,"543":0,"544":0,"545":0,"546":0,"547":0,"548":0,"549":0,"550":0,"551":0,"552":0,"553":0,"554":0,"555":0,"556":0,"557":0,"558":0,"559":0,"560":0,"561":0,"562":0,"563":0,"564":0,"565":0,"566":0,"567":0,"568":0,"569":1,"570":0,"571":0,"572":0,"573":0,"574":0,"575":0,"576":0,"577":0,"578":0,"579":0,"580":0,"581":0,"582":0,"583":0,"584":0,"585":1,"586":1,"587":1,"588":1,"589":0,"590":1,"591":1,"592":1,"593":0,"594":0,"595":0,"596":0,"597":1,"598":0,"599":0,"600":0,"601":0,"602":1,"603":0,"604":1,"605":0,"606":0,"607":0,"608":0,"609":0,"610":0,"611":0,"612":0,"613":0,"614":0,"615":0,"616":1,"617":0,"618":1,"619":0,"620":0,"621":0,"622":0,"623":0,"624":0,"625":0,"626":0,"627":0,"628":0,"629":0,"630":0,"631":0,"632":1,"633":0,"634":0,"635":0,"636":0,"637":0,"638":0,"639":0,"640":0,"641":0,"642":0,"643":0,"644":0,"645":0,"646":0,"647":0,"648":0,"649":0,"650":0,"651":0,"652":0,"653":0,"654":0,"655":0,"656":0,"657":0,"658":0,"659":0,"660":0,"661":0,"662":0,"663":0,"664":0,"665":0,"666":0,"667":0,"668":0,"669":0,"670":0,"671":0,"672":0,"673":0,"674":0,"675":0,"676":0,"677":0,"678":0,"679":0,"680":0,"681":0,"682":0,"683":0,"684":0,"685":0,"686":0,"687":0,"688":0,"689":0,"690":0,"691":0,"692":0,"693":0,"694":0,"695":0,"696":0,"697":0,"698":0,"699":0,"700":0,"701":0,"702":0,"703":0,"704":0,"705":0,"706":0,"707":1,"708":0,"709":0,"710":0,"711":0,"712":0,"713":0,"714":0,"715":0,"716":1,"717":0,"718":0,"719":1},"b":{"1":[0,0,0],"2":[0,0],"3":[0,0],"4":[0,0],"5":[0,0],"6":[0,0],"7":[0,0],"8":[0,0],"9":[0,0],"10":[0,0],"11":[0,0],"12":[0,0],"13":[0,0,0],"14":[0,0],"15":[0,0,0],"16":[0,0],"17":[0,0],"18":[0,0],"19":[0,0],"20":[0,0],"21":[0,0],"22":[0,0],"23":[0,0],"24":[0,0],"25":[0,0],"26":[0,0],"27":[0,0],"28":[0,0],"29":[0,0],"30":[0,0],"31":[0,0],"32":[0,0],"33":[0,0],"34":[0,0],"35":[0,0],"36":[0,0],"37":[0,0],"38":[0,0],"39":[0,0],"40":[0,0,0],"41":[0,0],"42":[0,0],"43":[0,0],"44":[0,0],"45":[0,0],"46":[0,0],"47":[0,0],"48":[0,0],"49":[0,0],"50":[0,0],"51":[0,0],"52":[0,0],"53":[0,0],"54":[0,0],"55":[0,0],"56":[0,0,0],"57":[0,0],"58":[0,0],"59":[0,0],"60":[0,0],"61":[0,0],"62":[0,0],"63":[0,0],"64":[0,0],"65":[0,0],"66":[0,0],"67":[0,0],"68":[0,0],"69":[0,0],"70":[0,0],"71":[0,0,0],"72":[0,0],"73":[0,0],"74":[0,0],"75":[0,0],"76":[0,0],"77":[0,0],"78":[0,0],"79":[0,0],"80":[0,0],"81":[0,0],"82":[0,0],"83":[0,0],"84":[0,0],"85":[0,0],"86":[0,0],"87":[0,0,0],"88":[0,0],"89":[0,0],"90":[0,0],"91":[0,0],"92":[0,0],"93":[0,0],"94":[0,0,0],"95":[0,0],"96":[0,0],"97":[0,0],"98":[0,0],"99":[0,0],"100":[0,0],"101":[0,0],"102":[0,0],"103":[0,0],"104":[0,0],"105":[0,0],"106":[0,0],"107":[0,0],"108":[0,0],"109":[2,2],"110":[0,0],"111":[0,0],"112":[1,20],"113":[21,20],"114":[7,25],"115":[16,9],"116":[0,0],"117":[0,0],"118":[0,0],"119":[0,0],"120":[0,0],"121":[0,0],"122":[0,0],"123":[0,0,0,0,0],"124":[0,0],"125":[0,0],"126":[0,0],"127":[0,0],"128":[0,0],"129":[0,0],"130":[0,0],"131":[0,0],"132":[0,0],"133":[0,0],"134":[0,0],"135":[0,0],"136":[0,0],"137":[0,0],"138":[0,0],"139":[0,0],"140":[0,0],"141":[0,0],"142":[0,0],"143":[0,0],"144":[0,0],"145":[0,0],"146":[0,0],"147":[0,0],"148":[1,0],"149":[1,0],"150":[0,0],"151":[0,0],"152":[0,0],"153":[0,0,0,0],"154":[0,0],"155":[0,0],"156":[0,0],"157":[0,0],"158":[0,0,0],"159":[0,0],"160":[0,0],"161":[0,0,0],"162":[0,0],"163":[0,0,0],"164":[0,0],"165":[0,0],"166":[0,0],"167":[0,0],"168":[0,0,0,0,0,0,0,0,0,0,0,0,0],"169":[0,0],"170":[0,0],"171":[0,0],"172":[0,0],"173":[0,0],"174":[0,0],"175":[0,0],"176":[0,0],"177":[0,0],"178":[0,0],"179":[0,0],"180":[0,0],"181":[0,1]},"f":{"1":1,"2":0,"3":0,"4":0,"5":0,"6":0,"7":0,"8":0,"9":0,"10":0,"11":0,"12":0,"13":0,"14":0,"15":0,"16":0,"17":0,"18":0,"19":0,"20":0,"21":1,"22":0,"23":0,"24":0,"25":0,"26":0,"27":0,"28":0,"29":0,"30":0,"31":0,"32":0,"33":0,"34":0,"35":0,"36":0,"37":0,"38":0,"39":0,"40":0,"41":0,"42":0,"43":0,"44":0,"45":4,"46":0,"47":0,"48":2,"49":2,"50":0,"51":0,"52":1,"53":1,"54":1,"55":0,"56":0,"57":0,"58":0,"59":0,"60":0,"61":0,"62":0,"63":0,"64":0,"65":0,"66":0,"67":0,"68":0,"69":0,"70":0,"71":0,"72":0,"73":0,"74":0,"75":1},"fnMap":{"1":{"name":"(anonymous_1)","line":8,"loc":{"start":{"line":8,"column":1},"end":{"line":8,"column":20}}},"2":{"name":"(anonymous_2)","line":37,"loc":{"start":{"line":37,"column":33},"end":{"line":37,"column":51}}},"3":{"name":"(anonymous_3)","line":66,"loc":{"start":{"line":66,"column":15},"end":{"line":66,"column":43}}},"4":{"name":"toHTML","line":81,"loc":{"start":{"line":81,"column":16},"end":{"line":81,"column":62}}},"5":{"name":"toHTMLTree","line":98,"loc":{"start":{"line":98,"column":20},"end":{"line":98,"column":68}}},"6":{"name":"mk_block_toSource","line":118,"loc":{"start":{"line":118,"column":0},"end":{"line":118,"column":29}}},"7":{"name":"mk_block_inspect","line":129,"loc":{"start":{"line":129,"column":0},"end":{"line":129,"column":28}}},"8":{"name":"(anonymous_8)","line":141,"loc":{"start":{"line":141,"column":35},"end":{"line":141,"column":64}}},"9":{"name":"count_lines","line":157,"loc":{"start":{"line":157,"column":0},"end":{"line":157,"column":28}}},"10":{"name":"splitBlocks","line":164,"loc":{"start":{"line":164,"column":34},"end":{"line":164,"column":75}}},"11":{"name":"processBlock","line":213,"loc":{"start":{"line":213,"column":34},"end":{"line":213,"column":71}}},"12":{"name":"processInline","line":237,"loc":{"start":{"line":237,"column":35},"end":{"line":237,"column":67}}},"13":{"name":"toTree","line":248,"loc":{"start":{"line":248,"column":28},"end":{"line":248,"column":67}}},"14":{"name":"(anonymous_14)","line":275,"loc":{"start":{"line":275,"column":27},"end":{"line":275,"column":39}}},"15":{"name":"(anonymous_15)","line":284,"loc":{"start":{"line":284,"column":40},"end":{"line":284,"column":66}}},"16":{"name":"atxHeader","line":313,"loc":{"start":{"line":313,"column":15},"end":{"line":313,"column":49}}},"17":{"name":"setextHeader","line":327,"loc":{"start":{"line":327,"column":18},"end":{"line":327,"column":55}}},"18":{"name":"code","line":341,"loc":{"start":{"line":341,"column":10},"end":{"line":341,"column":39}}},"19":{"name":"(anonymous_19)","line":359,"loc":{"start":{"line":359,"column":39},"end":{"line":359,"column":53}}},"20":{"name":"horizRule","line":383,"loc":{"start":{"line":383,"column":15},"end":{"line":383,"column":49}}},"21":{"name":"(anonymous_21)","line":423,"loc":{"start":{"line":423,"column":12},"end":{"line":423,"column":24}}},"22":{"name":"regex_for_depth","line":434,"loc":{"start":{"line":434,"column":6},"end":{"line":434,"column":40}}},"23":{"name":"expand_tab","line":443,"loc":{"start":{"line":443,"column":6},"end":{"line":443,"column":35}}},"24":{"name":"add","line":449,"loc":{"start":{"line":449,"column":6},"end":{"line":449,"column":42}}},"25":{"name":"get_contained_blocks","line":476,"loc":{"start":{"line":476,"column":6},"end":{"line":476,"column":53}}},"26":{"name":"paragraphify","line":498,"loc":{"start":{"line":498,"column":6},"end":{"line":498,"column":41}}},"27":{"name":"(anonymous_27)","line":517,"loc":{"start":{"line":517,"column":13},"end":{"line":517,"column":37}}},"28":{"name":"make_list","line":521,"loc":{"start":{"line":521,"column":8},"end":{"line":521,"column":32}}},"29":{"name":"(anonymous_29)","line":552,"loc":{"start":{"line":552,"column":50},"end":{"line":552,"column":62}}},"30":{"name":"blockquote","line":668,"loc":{"start":{"line":668,"column":16},"end":{"line":668,"column":51}}},"31":{"name":"referenceDefn","line":722,"loc":{"start":{"line":722,"column":19},"end":{"line":722,"column":56}}},"32":{"name":"(anonymous_32)","line":741,"loc":{"start":{"line":741,"column":49},"end":{"line":741,"column":63}}},"33":{"name":"para","line":763,"loc":{"start":{"line":763,"column":10},"end":{"line":763,"column":39}}},"34":{"name":"oneElement","line":772,"loc":{"start":{"line":772,"column":20},"end":{"line":772,"column":80}}},"35":{"name":"inline","line":801,"loc":{"start":{"line":801,"column":14},"end":{"line":801,"column":48}}},"36":{"name":"add","line":806,"loc":{"start":{"line":806,"column":6},"end":{"line":806,"column":22}}},"37":{"name":"(anonymous_37)","line":825,"loc":{"start":{"line":825,"column":9},"end":{"line":825,"column":21}}},"38":{"name":"(anonymous_38)","line":826,"loc":{"start":{"line":826,"column":9},"end":{"line":826,"column":21}}},"39":{"name":"escaped","line":830,"loc":{"start":{"line":830,"column":10},"end":{"line":830,"column":35}}},"40":{"name":"image","line":840,"loc":{"start":{"line":840,"column":10},"end":{"line":840,"column":33}}},"41":{"name":"link","line":875,"loc":{"start":{"line":875,"column":9},"end":{"line":875,"column":31}}},"42":{"name":"autoLink","line":969,"loc":{"start":{"line":969,"column":9},"end":{"line":969,"column":35}}},"43":{"name":"inlineCode","line":987,"loc":{"start":{"line":987,"column":9},"end":{"line":987,"column":37}}},"44":{"name":"lineBreak","line":1000,"loc":{"start":{"line":1000,"column":12},"end":{"line":1000,"column":39}}},"45":{"name":"strong_em","line":1007,"loc":{"start":{"line":1007,"column":0},"end":{"line":1007,"column":30}}},"46":{"name":"CloseTag","line":1012,"loc":{"start":{"line":1012,"column":2},"end":{"line":1012,"column":25}}},"47":{"name":"(anonymous_47)","line":1017,"loc":{"start":{"line":1017,"column":9},"end":{"line":1017,"column":39}}},"48":{"name":"(anonymous_48)","line":1070,"loc":{"start":{"line":1070,"column":27},"end":{"line":1070,"column":39}}},"49":{"name":"(anonymous_49)","line":1080,"loc":{"start":{"line":1080,"column":31},"end":{"line":1080,"column":43}}},"50":{"name":"(anonymous_50)","line":1096,"loc":{"start":{"line":1096,"column":15},"end":{"line":1096,"column":39}}},"51":{"name":"(anonymous_51)","line":1108,"loc":{"start":{"line":1108,"column":44},"end":{"line":1108,"column":67}}},"52":{"name":"(anonymous_52)","line":1132,"loc":{"start":{"line":1132,"column":27},"end":{"line":1132,"column":41}}},"53":{"name":"Block","line":1133,"loc":{"start":{"line":1133,"column":2},"end":{"line":1133,"column":19}}},"54":{"name":"Inline","line":1135,"loc":{"start":{"line":1135,"column":2},"end":{"line":1135,"column":20}}},"55":{"name":"processMetaHash","line":1146,"loc":{"start":{"line":1146,"column":43},"end":{"line":1146,"column":83}}},"56":{"name":"split_meta_hash","line":1175,"loc":{"start":{"line":1175,"column":0},"end":{"line":1175,"column":40}}},"57":{"name":"document_meta","line":1211,"loc":{"start":{"line":1211,"column":47},"end":{"line":1211,"column":85}}},"58":{"name":"block_meta","line":1236,"loc":{"start":{"line":1236,"column":44},"end":{"line":1236,"column":79}}},"59":{"name":"definition_list","line":1288,"loc":{"start":{"line":1288,"column":49},"end":{"line":1288,"column":89}}},"60":{"name":"table","line":1329,"loc":{"start":{"line":1329,"column":39},"end":{"line":1329,"column":68}}},"61":{"name":"(anonymous_61)","line":1331,"loc":{"start":{"line":1331,"column":30},"end":{"line":1331,"column":46}}},"62":{"name":"(anonymous_62)","line":1365,"loc":{"start":{"line":1365,"column":19},"end":{"line":1365,"column":32}}},"63":{"name":"(anonymous_63)","line":1380,"loc":{"start":{"line":1380,"column":55},"end":{"line":1380,"column":70}}},"64":{"name":"inline_meta","line":1392,"loc":{"start":{"line":1392,"column":42},"end":{"line":1392,"column":85}}},"65":{"name":"(anonymous_65)","line":1434,"loc":{"start":{"line":1434,"column":31},"end":{"line":1434,"column":45}}},"66":{"name":"(anonymous_66)","line":1441,"loc":{"start":{"line":1441,"column":12},"end":{"line":1441,"column":39}}},"67":{"name":"(anonymous_67)","line":1446,"loc":{"start":{"line":1446,"column":12},"end":{"line":1446,"column":37}}},"68":{"name":"(anonymous_68)","line":1453,"loc":{"start":{"line":1453,"column":14},"end":{"line":1453,"column":30}}},"69":{"name":"extract_attr","line":1463,"loc":{"start":{"line":1463,"column":0},"end":{"line":1463,"column":32}}},"70":{"name":"(anonymous_70)","line":1487,"loc":{"start":{"line":1487,"column":22},"end":{"line":1487,"column":50}}},"71":{"name":"escapeHTML","line":1511,"loc":{"start":{"line":1511,"column":0},"end":{"line":1511,"column":28}}},"72":{"name":"render_tree","line":1519,"loc":{"start":{"line":1519,"column":0},"end":{"line":1519,"column":31}}},"73":{"name":"convert_tree_to_html","line":1551,"loc":{"start":{"line":1551,"column":0},"end":{"line":1551,"column":59}}},"74":{"name":"merge_text_nodes","line":1694,"loc":{"start":{"line":1694,"column":0},"end":{"line":1694,"column":36}}},"75":{"name":"(anonymous_75)","line":1717,"loc":{"start":{"line":1717,"column":6},"end":{"line":1717,"column":17}}}},"statementMap":{"1":{"start":{"line":8,"column":0},"end":{"line":1725,"column":8}},"2":{"start":{"line":37,"column":0},"end":{"line":57,"column":2}},"3":{"start":{"line":38,"column":2},"end":{"line":53,"column":3}},"4":{"start":{"line":40,"column":6},"end":{"line":40,"column":46}},"5":{"start":{"line":41,"column":6},"end":{"line":41,"column":12}},"6":{"start":{"line":43,"column":6},"end":{"line":43,"column":29}},"7":{"start":{"line":44,"column":6},"end":{"line":44,"column":12}},"8":{"start":{"line":46,"column":6},"end":{"line":51,"column":7}},"9":{"start":{"line":47,"column":8},"end":{"line":47,"column":50}},"10":{"start":{"line":50,"column":8},"end":{"line":50,"column":78}},"11":{"start":{"line":52,"column":6},"end":{"line":52,"column":12}},"12":{"start":{"line":54,"column":2},"end":{"line":54,"column":21}},"13":{"start":{"line":55,"column":2},"end":{"line":55,"column":25}},"14":{"start":{"line":56,"column":2},"end":{"line":56,"column":25}},"15":{"start":{"line":66,"column":0},"end":{"line":70,"column":2}},"16":{"start":{"line":68,"column":2},"end":{"line":68,"column":35}},"17":{"start":{"line":69,"column":2},"end":{"line":69,"column":29}},"18":{"start":{"line":81,"column":0},"end":{"line":85,"column":2}},"19":{"start":{"line":82,"column":2},"end":{"line":82,"column":62}},"20":{"start":{"line":84,"column":2},"end":{"line":84,"column":38}},"21":{"start":{"line":98,"column":0},"end":{"line":115,"column":2}},"22":{"start":{"line":100,"column":2},"end":{"line":100,"column":71}},"23":{"start":{"line":100,"column":34},"end":{"line":100,"column":71}},"24":{"start":{"line":105,"column":2},"end":{"line":106,"column":16}},"25":{"start":{"line":108,"column":2},"end":{"line":110,"column":3}},"26":{"start":{"line":109,"column":4},"end":{"line":109,"column":28}},"27":{"start":{"line":112,"column":2},"end":{"line":112,"column":59}},"28":{"start":{"line":113,"column":2},"end":{"line":113,"column":27}},"29":{"start":{"line":114,"column":2},"end":{"line":114,"column":14}},"30":{"start":{"line":118,"column":0},"end":{"line":126,"column":1}},"31":{"start":{"line":119,"column":2},"end":{"line":125,"column":15}},"32":{"start":{"line":129,"column":0},"end":{"line":139,"column":1}},"33":{"start":{"line":130,"column":2},"end":{"line":130,"column":29}},"34":{"start":{"line":131,"column":2},"end":{"line":137,"column":15}},"35":{"start":{"line":141,"column":0},"end":{"line":155,"column":2}},"36":{"start":{"line":143,"column":2},"end":{"line":143,"column":46}},"37":{"start":{"line":143,"column":31},"end":{"line":143,"column":46}},"38":{"start":{"line":145,"column":2},"end":{"line":145,"column":28}},"39":{"start":{"line":146,"column":2},"end":{"line":146,"column":21}},"40":{"start":{"line":148,"column":2},"end":{"line":148,"column":31}},"41":{"start":{"line":149,"column":2},"end":{"line":149,"column":33}},"42":{"start":{"line":151,"column":2},"end":{"line":152,"column":24}},"43":{"start":{"line":152,"column":4},"end":{"line":152,"column":24}},"44":{"start":{"line":154,"column":2},"end":{"line":154,"column":11}},"45":{"start":{"line":157,"column":0},"end":{"line":161,"column":1}},"46":{"start":{"line":158,"column":2},"end":{"line":158,"column":20}},"47":{"start":{"line":159,"column":2},"end":{"line":159,"column":56}},"48":{"start":{"line":159,"column":52},"end":{"line":159,"column":56}},"49":{"start":{"line":160,"column":2},"end":{"line":160,"column":11}},"50":{"start":{"line":164,"column":0},"end":{"line":190,"column":2}},"51":{"start":{"line":165,"column":2},"end":{"line":165,"column":47}},"52":{"start":{"line":168,"column":2},"end":{"line":170,"column":8}},"53":{"start":{"line":172,"column":2},"end":{"line":172,"column":18}},"54":{"start":{"line":174,"column":2},"end":{"line":178,"column":3}},"55":{"start":{"line":176,"column":4},"end":{"line":176,"column":35}},"56":{"start":{"line":177,"column":4},"end":{"line":177,"column":31}},"57":{"start":{"line":180,"column":2},"end":{"line":187,"column":3}},"58":{"start":{"line":181,"column":4},"end":{"line":184,"column":5}},"59":{"start":{"line":182,"column":6},"end":{"line":182,"column":18}},"60":{"start":{"line":183,"column":6},"end":{"line":183,"column":21}},"61":{"start":{"line":185,"column":4},"end":{"line":185,"column":51}},"62":{"start":{"line":186,"column":4},"end":{"line":186,"column":35}},"63":{"start":{"line":189,"column":2},"end":{"line":189,"column":16}},"64":{"start":{"line":213,"column":0},"end":{"line":235,"column":2}},"65":{"start":{"line":214,"column":2},"end":{"line":215,"column":26}},"66":{"start":{"line":217,"column":2},"end":{"line":219,"column":3}},"67":{"start":{"line":218,"column":4},"end":{"line":218,"column":48}},"68":{"start":{"line":221,"column":2},"end":{"line":231,"column":3}},"69":{"start":{"line":223,"column":4},"end":{"line":223,"column":54}},"70":{"start":{"line":224,"column":4},"end":{"line":230,"column":5}},"71":{"start":{"line":226,"column":6},"end":{"line":227,"column":59}},"72":{"start":{"line":227,"column":8},"end":{"line":227,"column":59}},"73":{"start":{"line":229,"column":6},"end":{"line":229,"column":17}},"74":{"start":{"line":234,"column":2},"end":{"line":234,"column":12}},"75":{"start":{"line":237,"column":0},"end":{"line":239,"column":2}},"76":{"start":{"line":238,"column":2},"end":{"line":238,"column":68}},"77":{"start":{"line":248,"column":0},"end":{"line":272,"column":2}},"78":{"start":{"line":249,"column":2},"end":{"line":249,"column":78}},"79":{"start":{"line":252,"column":2},"end":{"line":252,"column":27}},"80":{"start":{"line":253,"column":2},"end":{"line":271,"column":3}},"81":{"start":{"line":254,"column":4},"end":{"line":254,"column":59}},"82":{"start":{"line":256,"column":4},"end":{"line":264,"column":5}},"83":{"start":{"line":257,"column":4},"end":{"line":264,"column":5}},"84":{"start":{"line":258,"column":6},"end":{"line":258,"column":58}},"85":{"start":{"line":261,"column":6},"end":{"line":261,"column":39}},"86":{"start":{"line":261,"column":23},"end":{"line":261,"column":39}},"87":{"start":{"line":263,"column":6},"end":{"line":263,"column":43}},"88":{"start":{"line":265,"column":4},"end":{"line":265,"column":21}},"89":{"start":{"line":268,"column":4},"end":{"line":270,"column":5}},"90":{"start":{"line":269,"column":6},"end":{"line":269,"column":27}},"91":{"start":{"line":275,"column":0},"end":{"line":282,"column":1}},"92":{"start":{"line":276,"column":2},"end":{"line":276,"column":52}},"93":{"start":{"line":277,"column":2},"end":{"line":277,"column":34}},"94":{"start":{"line":278,"column":2},"end":{"line":279,"column":33}},"95":{"start":{"line":279,"column":6},"end":{"line":279,"column":33}},"96":{"start":{"line":280,"column":2},"end":{"line":281,"column":38}},"97":{"start":{"line":281,"column":6},"end":{"line":281,"column":38}},"98":{"start":{"line":284,"column":0},"end":{"line":294,"column":2}},"99":{"start":{"line":286,"column":2},"end":{"line":287,"column":26}},"100":{"start":{"line":289,"column":2},"end":{"line":292,"column":3}},"101":{"start":{"line":290,"column":4},"end":{"line":290,"column":32}},"102":{"start":{"line":291,"column":4},"end":{"line":291,"column":21}},"103":{"start":{"line":293,"column":2},"end":{"line":293,"column":11}},"104":{"start":{"line":301,"column":0},"end":{"line":301,"column":23}},"105":{"start":{"line":311,"column":0},"end":{"line":768,"column":2}},"106":{"start":{"line":314,"column":6},"end":{"line":314,"column":65}},"107":{"start":{"line":316,"column":6},"end":{"line":316,"column":33}},"108":{"start":{"line":316,"column":16},"end":{"line":316,"column":33}},"109":{"start":{"line":318,"column":6},"end":{"line":318,"column":58}},"110":{"start":{"line":319,"column":6},"end":{"line":319,"column":69}},"111":{"start":{"line":321,"column":6},"end":{"line":322,"column":102}},"112":{"start":{"line":322,"column":8},"end":{"line":322,"column":102}},"113":{"start":{"line":324,"column":6},"end":{"line":324,"column":24}},"114":{"start":{"line":328,"column":6},"end":{"line":328,"column":58}},"115":{"start":{"line":330,"column":6},"end":{"line":330,"column":33}},"116":{"start":{"line":330,"column":16},"end":{"line":330,"column":33}},"117":{"start":{"line":332,"column":6},"end":{"line":332,"column":45}},"118":{"start":{"line":333,"column":6},"end":{"line":333,"column":59}},"119":{"start":{"line":335,"column":6},"end":{"line":336,"column":102}},"120":{"start":{"line":336,"column":8},"end":{"line":336,"column":102}},"121":{"start":{"line":338,"column":6},"end":{"line":338,"column":24}},"122":{"start":{"line":348,"column":6},"end":{"line":350,"column":16}},"123":{"start":{"line":353,"column":6},"end":{"line":353,"column":49}},"124":{"start":{"line":353,"column":32},"end":{"line":353,"column":49}},"125":{"start":{"line":355,"column":6},"end":{"line":378,"column":23}},"126":{"start":{"line":356,"column":6},"end":{"line":378,"column":23}},"127":{"start":{"line":358,"column":8},"end":{"line":359,"column":77}},"128":{"start":{"line":359,"column":55},"end":{"line":359,"column":72}},"129":{"start":{"line":361,"column":8},"end":{"line":377,"column":9}},"130":{"start":{"line":363,"column":10},"end":{"line":363,"column":54}},"131":{"start":{"line":364,"column":10},"end":{"line":364,"column":29}},"132":{"start":{"line":366,"column":13},"end":{"line":377,"column":9}},"133":{"start":{"line":368,"column":10},"end":{"line":368,"column":57}},"134":{"start":{"line":368,"column":38},"end":{"line":368,"column":57}},"135":{"start":{"line":371,"column":10},"end":{"line":371,"column":73}},"136":{"start":{"line":373,"column":10},"end":{"line":373,"column":31}},"137":{"start":{"line":376,"column":10},"end":{"line":376,"column":29}},"138":{"start":{"line":380,"column":6},"end":{"line":380,"column":50}},"139":{"start":{"line":385,"column":6},"end":{"line":385,"column":102}},"140":{"start":{"line":387,"column":6},"end":{"line":389,"column":7}},"141":{"start":{"line":388,"column":8},"end":{"line":388,"column":25}},"142":{"start":{"line":391,"column":6},"end":{"line":391,"column":32}},"143":{"start":{"line":394,"column":6},"end":{"line":396,"column":7}},"144":{"start":{"line":395,"column":8},"end":{"line":395,"column":72}},"145":{"start":{"line":399,"column":6},"end":{"line":401,"column":7}},"146":{"start":{"line":400,"column":8},"end":{"line":400,"column":43}},"147":{"start":{"line":403,"column":6},"end":{"line":403,"column":20}},"148":{"start":{"line":425,"column":6},"end":{"line":430,"column":43}},"149":{"start":{"line":434,"column":6},"end":{"line":442,"column":7}},"150":{"start":{"line":436,"column":8},"end":{"line":441,"column":10}},"151":{"start":{"line":443,"column":6},"end":{"line":445,"column":7}},"152":{"start":{"line":444,"column":8},"end":{"line":444,"column":52}},"153":{"start":{"line":449,"column":6},"end":{"line":472,"column":7}},"154":{"start":{"line":450,"column":8},"end":{"line":453,"column":9}},"155":{"start":{"line":451,"column":10},"end":{"line":451,"column":47}},"156":{"start":{"line":452,"column":10},"end":{"line":452,"column":17}},"157":{"start":{"line":455,"column":8},"end":{"line":457,"column":24}},"158":{"start":{"line":460,"column":8},"end":{"line":460,"column":54}},"159":{"start":{"line":460,"column":35},"end":{"line":460,"column":54}},"160":{"start":{"line":462,"column":8},"end":{"line":471,"column":9}},"161":{"start":{"line":463,"column":10},"end":{"line":464,"column":47}},"162":{"start":{"line":465,"column":10},"end":{"line":470,"column":11}},"163":{"start":{"line":466,"column":12},"end":{"line":466,"column":46}},"164":{"start":{"line":469,"column":12},"end":{"line":469,"column":32}},"165":{"start":{"line":476,"column":6},"end":{"line":495,"column":7}},"166":{"start":{"line":478,"column":8},"end":{"line":480,"column":21}},"167":{"start":{"line":482,"column":8},"end":{"line":493,"column":9}},"168":{"start":{"line":483,"column":10},"end":{"line":492,"column":11}},"169":{"start":{"line":484,"column":12},"end":{"line":486,"column":44}},"170":{"start":{"line":488,"column":12},"end":{"line":488,"column":64}},"171":{"start":{"line":491,"column":12},"end":{"line":491,"column":18}},"172":{"start":{"line":494,"column":8},"end":{"line":494,"column":19}},"173":{"start":{"line":498,"column":6},"end":{"line":514,"column":7}},"174":{"start":{"line":499,"column":8},"end":{"line":499,"column":26}},"175":{"start":{"line":500,"column":8},"end":{"line":500,"column":42}},"176":{"start":{"line":502,"column":8},"end":{"line":504,"column":9}},"177":{"start":{"line":503,"column":10},"end":{"line":503,"column":17}},"178":{"start":{"line":505,"column":8},"end":{"line":513,"column":9}},"179":{"start":{"line":508,"column":10},"end":{"line":508,"column":83}},"180":{"start":{"line":511,"column":10},"end":{"line":511,"column":38}},"181":{"start":{"line":512,"column":10},"end":{"line":512,"column":92}},"182":{"start":{"line":517,"column":6},"end":{"line":665,"column":8}},"183":{"start":{"line":518,"column":8},"end":{"line":518,"column":42}},"184":{"start":{"line":519,"column":8},"end":{"line":519,"column":35}},"185":{"start":{"line":519,"column":18},"end":{"line":519,"column":35}},"186":{"start":{"line":521,"column":8},"end":{"line":528,"column":9}},"187":{"start":{"line":522,"column":10},"end":{"line":524,"column":36}},"188":{"start":{"line":526,"column":10},"end":{"line":526,"column":53}},"189":{"start":{"line":527,"column":10},"end":{"line":527,"column":22}},"190":{"start":{"line":531,"column":8},"end":{"line":536,"column":14}},"191":{"start":{"line"
[...]
ey ] = value;","  }","","  // document_meta produces no content!","  return [];","};","","Markdown.dialects.Maruku.block.block_meta = function block_meta( block, next ) {","  // check if the last line of the block is an meta hash","  var m = block.match( /(^|\\n) {0,3}\\{:\\s*((?:\\\\\\}|[^\\}])*)\\s*\\}$/ );","  if ( !m ) return undefined;","","  // process the meta hash","  var attr = this.dialect.processMetaHash( m[ 2 ] );","","  var hash;","","  // if we matched ^ then we need to apply meta to the previous block","  if ( m[ 1 ] === \"\" ) {","    var node = this.tree[ this.tree.length - 1 ];","    hash = extract_attr( node );","","    // if the node is a string (rather than JsonML), bail","    if ( typeof node === \"string\" ) return undefined;","","    // create the attribute hash if it doesn't exist","    if ( !hash ) {","      hash = {};","      node.splice( 1, 0, hash );","    }","","    // add the attributes in","    for ( a in attr ) {","      hash[ a ] = attr[ a ];","    }","","    // return nothing so the meta hash is removed","    return [];","  }","","  // pull the meta hash off the block and process what's left","  var b = block.replace( /\\n.*$/, \"\" ),","      result = this.processBlock( b, [] );","","  // get or make the attributes hash","  hash = extract_attr( result[ 0 ] );","  if ( !hash ) {","    hash = {};","    result[ 0 ].splice( 1, 0, hash );","  }","","  // attach the attributes to the block","  for ( a in attr ) {","    hash[ a ] = attr[ a ];","  }","","  return result;","};","","Markdown.dialects.Maruku.block.definition_list = function definition_list( block, next ) {","  // one or more terms followed by one or more definitions, in a single block","  var tight = /^((?:[^\\s:].*\\n)+):\\s+([\\s\\S]+)$/,","      list = [ \"dl\" ],","      i, m;","","  // see if we're dealing with a tight or loose block","  if ( ( m = block.match( tight ) ) ) {","    // pull subsequent tight DL blocks out of `next`","    var blocks = [ block ];","    while ( next.length && tight.exec( next[ 0 ] ) ) {","      blocks.push( next.shift() );","    }","","    for ( var b = 0; b < blocks.length; ++b ) {","      var m = blocks[ b ].match( tight ),","          terms = m[ 1 ].replace( /\\n$/, \"\" ).split( /\\n/ ),","          defns = m[ 2 ].split( /\\n:\\s+/ );","","      // print( uneval( m ) );","","      for ( i = 0; i < terms.length; ++i ) {","        list.push( [ \"dt\", terms[ i ] ] );","      }","","      for ( i = 0; i < defns.length; ++i ) {","        // run inline processing over the definition","        list.push( [ \"dd\" ].concat( this.processInline( defns[ i ].replace( /(\\n)\\s+/, \"$1\" ) ) ) );","      }","    }","  }","  else {","    return undefined;","  }","","  return [ list ];","};","","// splits on unescaped instances of @ch. If @ch is not a character the result","// can be unpredictable","","Markdown.dialects.Maruku.block.table = function table (block, next) {","","    var _split_on_unescaped = function(s, ch) {","        ch = ch || '\\\\s';","        if (ch.match(/^[\\\\|\\[\\]{}?*.+^$]$/)) { ch = '\\\\' + ch; }","        var res = [ ],","            r = new RegExp('^((?:\\\\\\\\.|[^\\\\\\\\' + ch + '])*)' + ch + '(.*)'),","            m;","        while(m = s.match(r)) {","            res.push(m[1]);","            s = m[2];","        }","        res.push(s);","        return res;","    }","","    var leading_pipe = /^ {0,3}\\|(.+)\\n {0,3}\\|\\s*([\\-:]+[\\-| :]*)\\n((?:\\s*\\|.*(?:\\n|$))*)(?=\\n|$)/,","        // find at least an unescaped pipe in each line","        no_leading_pipe = /^ {0,3}(\\S(?:\\\\.|[^\\\\|])*\\|.*)\\n {0,3}([\\-:]+\\s*\\|[\\-| :]*)\\n((?:(?:\\\\.|[^\\\\|])*\\|.*(?:\\n|$))*)(?=\\n|$)/,","        i, m;","    if (m = block.match(leading_pipe)) {","        // remove leading pipes in contents","        // (header and horizontal rule already have the leading pipe left out)","        m[3] = m[3].replace(/^\\s*\\|/gm, '');","    } else if (! ( m = block.match(no_leading_pipe))) {","        return undefined;","    }","","    var table = [ \"table\", [ \"thead\", [ \"tr\" ] ], [ \"tbody\" ] ];","","    // remove trailing pipes, then split on pipes","    // (no escaped pipes are allowed in horizontal rule)","    m[2] = m[2].replace(/\\|\\s*$/, '').split('|');","","    // process alignment","    var html_attrs = [ ];","    forEach (m[2], function (s) {","        if (s.match(/^\\s*-+:\\s*$/))       html_attrs.push({align: \"right\"});","        else if (s.match(/^\\s*:-+\\s*$/))  html_attrs.push({align: \"left\"});","        else if (s.match(/^\\s*:-+:\\s*$/)) html_attrs.push({align: \"center\"});","        else                              html_attrs.push({});","    });","","    // now for the header, avoid escaped pipes","    m[1] = _split_on_unescaped(m[1].replace(/\\|\\s*$/, ''), '|');","    for (i = 0; i < m[1].length; i++) {","        table[1][1].push(['th', html_attrs[i] || {}].concat(","            this.processInline(m[1][i].trim())));","    }","","    // now for body contents","    forEach (m[3].replace(/\\|\\s*$/mg, '').split('\\n'), function (row) {","        var html_row = ['tr'];","        row = _split_on_unescaped(row, '|');","        for (i = 0; i < row.length; i++) {","            html_row.push(['td', html_attrs[i] || {}].concat(this.processInline(row[i].trim())));","        }","        table[2].push(html_row);","    }, this);","","    return [table];","}","","Markdown.dialects.Maruku.inline[ \"{:\" ] = function inline_meta( text, matches, out ) {","  if ( !out.length ) {","    return [ 2, \"{:\" ];","  }","","  // get the preceeding element","  var before = out[ out.length - 1 ];","","  if ( typeof before === \"string\" ) {","    return [ 2, \"{:\" ];","  }","","  // match a meta hash","  var m = text.match( /^\\{:\\s*((?:\\\\\\}|[^\\}])*)\\s*\\}/ );","","  // no match, false alarm","  if ( !m ) {","    return [ 2, \"{:\" ];","  }","","  // attach the attributes to the preceeding element","  var meta = this.dialect.processMetaHash( m[ 1 ] ),","      attr = extract_attr( before );","","  if ( !attr ) {","    attr = {};","    before.splice( 1, 0, attr );","  }","","  for ( var k in meta ) {","    attr[ k ] = meta[ k ];","  }","","  // cut out the string and replace it with nothing","  return [ m[ 0 ].length, \"\" ];","};","","Markdown.dialects.Maruku.inline.__escape__ = /^\\\\[\\\\`\\*_{}\\[\\]()#\\+.!\\-|:]/;","","Markdown.buildBlockOrder ( Markdown.dialects.Maruku.block );","Markdown.buildInlinePatterns( Markdown.dialects.Maruku.inline );","","var isArray = Array.isArray || function(obj) {","  return Object.prototype.toString.call(obj) == \"[object Array]\";","};","","var forEach;","// Don't mess with Array.prototype. Its not friendly","if ( Array.prototype.forEach ) {","  forEach = function( arr, cb, thisp ) {","    return arr.forEach( cb, thisp );","  };","}","else {","  forEach = function(arr, cb, thisp) {","    for (var i = 0; i < arr.length; i++) {","      cb.call(thisp || arr, arr[i], i, arr);","    }","  }","}","","var isEmpty = function( obj ) {","  for ( var key in obj ) {","    if ( hasOwnProperty.call( obj, key ) ) {","      return false;","    }","  }","","  return true;","}","","function extract_attr( jsonml ) {","  return isArray(jsonml)","      && jsonml.length > 1","      && typeof jsonml[ 1 ] === \"object\"","      && !( isArray(jsonml[ 1 ]) )","      ? jsonml[ 1 ]","      : undefined;","}","","","","/**"," *  renderJsonML( jsonml[, options] ) -> String"," *  - jsonml (Array): JsonML array to render to XML"," *  - options (Object): options"," *"," *  Converts the given JsonML into well-formed XML."," *"," *  The options currently understood are:"," *"," *  - root (Boolean): wether or not the root node should be included in the"," *    output, or just its children. The default `false` is to not include the"," *    root itself."," */","expose.renderJsonML = function( jsonml, options ) {","  options = options || {};","  // include the root element in the rendered output?","  options.root = options.root || false;","","  var content = [];","","  if ( options.root ) {","    content.push( render_tree( jsonml ) );","  }","  else {","    jsonml.shift(); // get rid of the tag","    if ( jsonml.length && typeof jsonml[ 0 ] === \"object\" && !( jsonml[ 0 ] instanceof Array ) ) {","      jsonml.shift(); // get rid of the attributes","    }","","    while ( jsonml.length ) {","      content.push( render_tree( jsonml.shift() ) );","    }","  }","","  return content.join( \"\\n\\n\" );","};","","function escapeHTML( text ) {","  return text.replace( /&/g, \"&amp;\" )","             .replace( /</g, \"&lt;\" )","             .replace( />/g, \"&gt;\" )","             .replace( /\"/g, \"&quot;\" )","             .replace( /'/g, \"&#39;\" );","}","","function render_tree( jsonml ) {","  // basic case","  if ( typeof jsonml === \"string\" ) {","    return escapeHTML( jsonml );","  }","","  var tag = jsonml.shift(),","      attributes = {},","      content = [];","","  if ( jsonml.length && typeof jsonml[ 0 ] === \"object\" && !( jsonml[ 0 ] instanceof Array ) ) {","    attributes = jsonml.shift();","  }","","  while ( jsonml.length ) {","    content.push( render_tree( jsonml.shift() ) );","  }","","  var tag_attrs = \"\";","  for ( var a in attributes ) {","    tag_attrs += \" \" + a + '=\"' + escapeHTML( attributes[ a ] ) + '\"';","  }","","  // be careful about adding whitespace here for inline elements","  if ( tag == \"img\" || tag == \"br\" || tag == \"hr\" ) {","    return \"<\"+ tag + tag_attrs + \"/>\";","  }","  else {","    return \"<\"+ tag + tag_attrs + \">\" + content.join( \"\" ) + \"</\" + tag + \">\";","  }","}","","function convert_tree_to_html( tree, references, options ) {","  var i;","  options = options || {};","","  // shallow clone","  var jsonml = tree.slice( 0 );","","  if ( typeof options.preprocessTreeNode === \"function\" ) {","      jsonml = options.preprocessTreeNode(jsonml, references);","  }","","  // Clone attributes if they exist","  var attrs = extract_attr( jsonml );","  if ( attrs ) {","    jsonml[ 1 ] = {};","    for ( i in attrs ) {","      jsonml[ 1 ][ i ] = attrs[ i ];","    }","    attrs = jsonml[ 1 ];","  }","","  // basic case","  if ( typeof jsonml === \"string\" ) {","    return jsonml;","  }","","  // convert this node","  switch ( jsonml[ 0 ] ) {","    case \"header\":","      jsonml[ 0 ] = \"h\" + jsonml[ 1 ].level;","      delete jsonml[ 1 ].level;","      break;","    case \"bulletlist\":","      jsonml[ 0 ] = \"ul\";","      break;","    case \"numberlist\":","      jsonml[ 0 ] = \"ol\";","      break;","    case \"listitem\":","      jsonml[ 0 ] = \"li\";","      break;","    case \"para\":","      jsonml[ 0 ] = \"p\";","      break;","    case \"markdown\":","      jsonml[ 0 ] = \"html\";","      if ( attrs ) delete attrs.references;","      break;","    case \"code_block\":","      jsonml[ 0 ] = \"pre\";","      i = attrs ? 2 : 1;","      var code = [ \"code\" ];","      code.push.apply( code, jsonml.splice( i, jsonml.length - i ) );","      jsonml[ i ] = code;","      break;","    case \"inlinecode\":","      jsonml[ 0 ] = \"code\";","      break;","    case \"img\":","      jsonml[ 1 ].src = jsonml[ 1 ].href;","      delete jsonml[ 1 ].href;","      break;","    case \"linebreak\":","      jsonml[ 0 ] = \"br\";","    break;","    case \"link\":","      jsonml[ 0 ] = \"a\";","      break;","    case \"link_ref\":","      jsonml[ 0 ] = \"a\";","","      // grab this ref and clean up the attribute node","      var ref = references[ attrs.ref ];","","      // if the reference exists, make the link","      if ( ref ) {","        delete attrs.ref;","","        // add in the href and title, if present","        attrs.href = ref.href;","        if ( ref.title ) {","          attrs.title = ref.title;","        }","","        // get rid of the unneeded original text","        delete attrs.original;","      }","      // the reference doesn't exist, so revert to plain text","      else {","        return attrs.original;","      }","      break;","    case \"img_ref\":","      jsonml[ 0 ] = \"img\";","","      // grab this ref and clean up the attribute node","      var ref = references[ attrs.ref ];","","      // if the reference exists, make the link","      if ( ref ) {","        delete attrs.ref;","","        // add in the href and title, if present","        attrs.src = ref.href;","        if ( ref.title ) {","          attrs.title = ref.title;","        }","","        // get rid of the unneeded original text","        delete attrs.original;","      }","      // the reference doesn't exist, so revert to plain text","      else {","        return attrs.original;","      }","      break;","  }","","  // convert all the children","  i = 1;","","  // deal with the attribute node, if it exists","  if ( attrs ) {","    // if there are keys, skip over it","    for ( var key in jsonml[ 1 ] ) {","        i = 2;","        break;","    }","    // if there aren't, remove it","    if ( i === 1 ) {","      jsonml.splice( i, 1 );","    }","  }","","  for ( ; i < jsonml.length; ++i ) {","    jsonml[ i ] = convert_tree_to_html( jsonml[ i ], references, options );","  }","","  return jsonml;","}","","","// merges adjacent text nodes into a single node","function merge_text_nodes( jsonml ) {","  // skip the tag name and attribute hash","  var i = extract_attr( jsonml ) ? 2 : 1;","","  while ( i < jsonml.length ) {","    // if it's a string check the next item too","    if ( typeof jsonml[ i ] === \"string\" ) {","      if ( i + 1 < jsonml.length && typeof jsonml[ i + 1 ] === \"string\" ) {","        // merge the second string into the first and remove it","        jsonml[ i ] += jsonml.splice( i + 1, 1 )[ 0 ];","      }","      else {","        ++i;","      }","    }","    // if it's not a string recurse","    else {","      merge_text_nodes( jsonml[ i ] );","      ++i;","    }","  }","}","","} )( (function() {","  if ( typeof exports === \"undefined\" ) {","    window.markdown = {};","    return window.markdown;","  }","  else {","    return exports;","  }","} )() );",""],"l":{"8":1,"37":1,"38":0,"40":0,"41":0,"43":0,"44":0,"46":0,"47":0,"50":0,"52":0,"54":0,"55":0,"56":0,"66":1,"68":0,"69":0,"81":1,"82":0,"84":0,"98":1,"100":0,"105":0,"108":0,"109":0,"112":0,"113":0,"114":0,"118":1,"119":0,"129":1,"130":0,"131":0,"141":1,"143":0,"145":0,"146":0,"148":0,"149":0,"151":0,"152":0,"154":0,"157":1,"158":0,"159":0,"160":0,"164":1,"165":0,"168":0,"172":0,"174":0,"176":0,"177":0,"180":0,"181":0,"182":0,"183":0,"185":0,"186":0,"189":0,"213":1,"214":0,"217":0,"218":0,"221":0,"223":0,"224":0,"226":0,"227":0,"229":0,"234":0,"237":1,"238":0,"248":1,"249":0,"252":0,"253":0,"254":0,"256":0,"257":0,"258":0,"261":0,"263":0,"265":0,"268":0,"269":0,"275":1,"276":0,"277":0,"278":0,"279":0,"280":0,"281":0,"284":1,"286":0,"289":0,"290":0,"291":0,"293":0,"301":1,"311":1,"314":0,"316":0,"318":0,"319":0,"321":0,"322":0,"324":0,"328":0,"330":0,"332":0,"333":0,"335":0,"336":0,"338":0,"348":0,"353":0,"355":0,"356":0,"358":0,"359":0,"361":0,"363":0,"364":0,"366":0,"368":0,"371":0,"373":0,"376":0,"380":0,"385":0,"387":0,"388":0,"391":0,"394":0,"395":0,"399":0,"400":0,"403":0,"425":1,"434":1,"436":0,"443":1,"444":0,"449":1,"450":0,"451":0,"452":0,"455":0,"460":0,"462":0,"463":0,"465":0,"466":0,"469":0,"476":1,"478":0,"482":0,"483":0,"484":0,"488":0,"491":0,"494":0,"498":1,"499":0,"500":0,"502":0,"503":0,"505":0,"508":0,"511":0,"512":0,"517":1,"518":0,"519":0,"521":1,"522":0,"526":0,"527":0,"531":0,"539":0,"540":0,"542":0,"546":0,"549":0,"550":0,"551":0,"552":0,"555":0,"557":0,"561":0,"563":0,"564":0,"566":0,"567":0,"570":0,"571":0,"573":0,"576":0,"577":0,"578":0,"585":0,"586":0,"587":0,"588":0,"589":0,"590":0,"591":0,"594":0,"596":0,"597":0,"598":0,"600":0,"605":0,"606":0,"611":0,"612":0,"614":0,"618":0,"619":0,"623":0,"624":0,"626":0,"627":0,"632":0,"635":0,"637":0,"639":0,"642":0,"644":0,"645":0,"648":0,"650":0,"651":0,"652":0,"656":0,"658":0,"659":0,"661":0,"664":0,"669":0,"670":0,"672":0,"679":0,"680":0,"685":0,"686":0,"687":0,"690":0,"691":0,"693":0,"698":0,"699":0,"700":0,"704":0,"710":0,"711":0,"713":0,"714":0,"718":0,"719":0,"723":0,"726":0,"727":0,"730":0,"731":0,"734":0,"737":0,"738":0,"741":0,"743":0,"744":0,"746":0,"750":0,"751":0,"752":0,"753":0,"757":0,"758":0,"760":0,"765":0,"770":1,"773":0,"777":0,"778":0,"780":0,"781":0,"783":0,"785":0,"787":0,"790":0,"791":0,"792":0,"797":0,"798":0,"803":0,"806":1,"808":0,"809":0,"811":0,"814":0,"815":0,"816":0,"817":0,"820":0,"833":0,"834":0,"837":0,"847":0,"849":0,"850":0,"851":0,"853":0,"855":0,"856":0,"857":0,"859":0,"863":0,"865":0,"868":0,"872":0,"877":0,"879":0,"882":0,"884":0,"891":0,"899":0,"900":0,"901":0,"902":0,"904":0,"905":0,"908":0,"909":0,"910":0,"911":0,"913":0,"914":0,"916":0,"917":0,"918":0,"920":0,"926":0,"928":0,"929":0,"930":0,"932":0,"933":0,"938":0,"940":0,"942":0,"945":0,"947":0,"952":0,"957":0,"959":0,"960":0,"961":0,"965":0,"970":0,"972":0,"973":0,"974":0,"977":0,"978":0,"981":0,"984":0,"990":0,"992":0,"993":0,"996":0,"1001":0,"1007":1,"1009":4,"1012":1,"1013":0,"1014":0,"1017":4,"1019":0,"1022":0,"1025":0,"1029":0,"1032":0,"1037":0,"1040":0,"1044":0,"1045":0,"1046":0,"1048":0,"1049":0,"1053":0,"1054":0,"1057":0,"1063":1,"1064":1,"1065":1,"1066":1,"1070":1,"1071":2,"1072":2,"1073":21,"1074":20,"1076":2,"1080":1,"1081":2,"1083":2,"1085":32,"1086":25,"1088":25,"1091":2,"1092":2,"1095":2,"1096":2,"1097":0,"1098":0,"1102":0,"1107":1,"1108":1,"1109":0,"1112":0,"1113":0,"1115":0,"1116":0,"1119":0,"1121":0,"1124":0,"1125":0,"1127":0,"1132":1,"1133":1,"1134":1,"1135":1,"1136":1,"1138":1,"1141":1,"1142":1,"1144":1,"1146":1,"1147":0,"1150":0,"1152":0,"1153":0,"1156":0,"1158":0,"1159":0,"1162":0,"1166":0,"1167":0,"1168":0,"1172":0,"1175":1,"1176":0,"1180":0,"1181":0,"1182":0,"1185":0,"1186":0,"1190":0,"1192":0,"1196":0,"1197":0,"1201":0,"1203":0,"1204":0,"1208":0,"1211":1,"1213":0,"1216":0,"1219":0,"1220":0,"1223":0,"1224":0,"1225":0,"1229":0,"1233":0,"1236":1,"1238":0,"1239":0,"1242":0,"1244":0,"1247":0,"1248":0,"1249":0,"1252":0,"1255":0,"1256":0,"1257":0,"1261":0,"1262":0,"1266":0,"1270":0,"1274":0,"1275":0,"1276":0,"1277":0,"1281":0,"1282":0,"1285":0,"1288":1,"1290":0,"1295":0,"1297":0,"1298":0,"1299":0,"1302":0,"1303":0,"1309":0,"1310":0,"1313":0,"1315":0,"1320":0,"1323":0,"1329":1,"1331":0,"1332":0,"1333":0,"1334":0,"1337":0,"1338":0,"1339":0,"1341":0,"1342":0,"1345":0,"1349":0,"1352":0,"1353":0,"1354":0,"1357":0,"1361":0,"1364":0,"1365":0,"1366":0,"1367":0,"1368":0,"1369":0,"1373":0,"1374":0,"1375":0,"1380":0,"1381":0,"1382":0,"1383":0,"1384":0,"1386":0,"1389":0,"1392":1,"1393":0,"1394":0,"1398":0,"1400":0,"1401":0,"1405":0,"1408":0,"1409":0,"1413":0,"1416":0,"1417":0,"1418":0,"1421":0,"1422":0,"1426":0,"1429":1,"1431":1,"1432":1,"1434":1,"1435":0,"1438":1,"1440":1,"1441":1,"1442":0,"1446":0,"1447":0,"1448":0,"1453":1,"1454":0,"1455":0,"1456":0,"1460":0,"1463":1,"1464":0,"1487":1,"1488":0,"1490":0,"1492":0,"1494":0,"1495":0,"1498":0,"1499":0,"1500":0,"1503":0,"1504":0,"1508":0,"1511":1,"1512":0,"1519":1,"1521":0,"1522":0,"1525":0,"1529":0,"1530":0,"1533":0,"1534":0,"1537":0,"1538":0,"1539":0,"1543":0,"1544":0,"1547":0,"1551":1,"1552":0,"1553":0,"1556":0,"1558":0,"1559":0,"1563":0,"1564":0,"1565":0,"1566":0,"1567":0,"1569":0,"1573":0,"1574":0,"1578":0,"1580":0,"1581":0,"1582":0,"1584":0,"1585":0,"1587":0,"1588":0,"1590":0,"1591":0,"1593":0,"1594":0,"1596":0,"1597":0,"1598":0,"1600":0,"1601":0,"1602":0,"1603":0,"1604":0,"1605":0,"1607":0,"1608":0,"1610":0,"1611":0,"1612":0,"1614":0,"1615":0,"1617":0,"1618":0,"1620":0,"1623":0,"1626":0,"1627":0,"1630":0,"1631":0,"1632":0,"1636":0,"1640":0,"1642":0,"1644":0,"1647":0,"1650":0,"1651":0,"1654":0,"1655":0,"1656":0,"1660":0,"1664":0,"1666":0,"1670":0,"1673":0,"1675":0,"1676":0,"1677":0,"1680":0,"1681":0,"1685":0,"1686":0,"1689":0,"1694":1,"1696":0,"1698":0,"1700":0,"1701":0,"1703":0,"1706":0,"1711":0,"1712":0,"1718":1,"1719":0,"1720":0,"1723":1}}}